TN:test
SF:/usr/include/c++/11/ext/alloc_traits.h
FN:97,_ZN9__gnu_cxx14__alloc_traitsISaISt13_Rb_tree_nodeIcEES2_E17_S_select_on_copyERKS3_
FNDA:75,_ZN9__gnu_cxx14__alloc_traitsISaISt13_Rb_tree_nodeIcEES2_E17_S_select_on_copyERKS3_
FN:97,_ZN9__gnu_cxx14__alloc_traitsISaISt13_Rb_tree_nodeImEES2_E17_S_select_on_copyERKS3_
FNDA:592,_ZN9__gnu_cxx14__alloc_traitsISaISt13_Rb_tree_nodeImEES2_E17_S_select_on_copyERKS3_
FN:97,_ZN9__gnu_cxx14__alloc_traitsISaISt13_Rb_tree_nodeISt4pairIKcSt3setImSt4lessImESaImEEEEESA_E17_S_select_on_copyERKSB_
FNDA:452,_ZN9__gnu_cxx14__alloc_traitsISaISt13_Rb_tree_nodeISt4pairIKcSt3setImSt4lessImESaImEEEEESA_E17_S_select_on_copyERKSB_
FN:97,_ZN9__gnu_cxx14__alloc_traitsISaI5StateES1_E17_S_select_on_copyERKS2_
FNDA:75,_ZN9__gnu_cxx14__alloc_traitsISaI5StateES1_E17_S_select_on_copyERKS2_
DA:97,75
DA:98,75
DA:97,592
DA:98,592
DA:97,452
DA:98,452
DA:97,75
DA:98,75
end_of_record
SF:/usr/include/c++/11/bits/basic_string.tcc
FN:206,_ZNSt7__cxx1112basic_stringIcSt11char_traitsIcESaIcEE12_M_constructIPKcEEvT_S8_St20forward_iterator_tag
FNDA:18,_ZNSt7__cxx1112basic_stringIcSt11char_traitsIcESaIcEE12_M_constructIPKcEEvT_S8_St20forward_iterator_tag
DA:206,18
DA:211,18
DA:212,0
DA:215,18
DA:217,18
DA:219,2
DA:220,2
DA:225,18
DA:226,0
DA:228,0
DA:229,0
DA:232,18
DA:233,18
end_of_record
SF:/home/igor/Desktop/VSProjects/formal_practice/test.cpp
FN:4,_Z10test_unionv
FNDA:1,_Z10test_unionv
FN:37,_Z18test_concatenationv
FNDA:1,_Z18test_concatenationv
FN:68,_Z14test_iterationv
FNDA:1,_Z14test_iterationv
FN:84,_Z18test_normalizationv
FNDA:1,_Z18test_normalizationv
FN:100,_Z15test_sum_parserv
FNDA:1,_Z15test_sum_parserv
FN:118,_Z25test_concatenation_parserv
FNDA:1,_Z25test_concatenation_parserv
FN:136,_Z21test_iteration_parserv
FNDA:1,_Z21test_iteration_parserv
FN:161,_Z11test_parserv
FNDA:1,_Z11test_parserv
FN:192,_Z11test_answerv
FNDA:1,_Z11test_answerv
FN:282,main
FNDA:1,main
DA:4,1
DA:5,1
DA:6,1
DA:7,1
DA:8,1
DA:9,1
DA:10,1
DA:11,1
DA:12,1
DA:13,1
DA:14,1
DA:15,1
DA:16,1
DA:17,1
DA:18,1
DA:20,1
DA:21,1
DA:22,1
DA:23,1
DA:24,1
DA:25,1
DA:26,1
DA:27,1
DA:28,1
DA:29,1
DA:30,1
DA:31,1
DA:32,1
DA:34,1
DA:35,1
DA:37,1
DA:38,1
DA:39,1
DA:40,1
DA:41,1
DA:42,1
DA:43,1
DA:44,1
DA:45,1
DA:46,1
DA:47,1
DA:48,1
DA:49,1
DA:50,1
DA:52,1
DA:53,1
DA:54,1
DA:55,1
DA:56,1
DA:57,1
DA:58,1
DA:59,1
DA:60,1
DA:61,1
DA:62,1
DA:63,1
DA:65,1
DA:66,1
DA:68,1
DA:69,1
DA:70,1
DA:71,1
DA:72,1
DA:73,1
DA:74,1
DA:75,1
DA:76,1
DA:77,1
DA:78,1
DA:79,1
DA:81,1
DA:82,1
DA:84,1
DA:85,1
DA:86,1
DA:87,1
DA:88,1
DA:89,1
DA:90,1
DA:91,1
DA:92,1
DA:93,1
DA:94,1
DA:95,1
DA:97,1
DA:98,1
DA:100,1
DA:101,1
DA:102,1
DA:104,1
DA:105,0
DA:106,1
DA:108,1
DA:109,1
DA:111,1
DA:112,0
DA:113,0
DA:114,0
DA:115,1
DA:116,1
DA:118,1
DA:119,1
DA:120,1
DA:122,1
DA:123,0
DA:124,1
DA:126,1
DA:127,1
DA:129,1
DA:130,0
DA:131,0
DA:132,0
DA:133,1
DA:134,1
DA:136,1
DA:137,1
DA:138,1
DA:140,1
DA:141,0
DA:142,1
DA:144,1
DA:145,1
DA:147,1
DA:148,0
DA:149,0
DA:150,0
DA:151,1
DA:153,1
DA:154,0
DA:155,1
DA:157,1
DA:158,1
DA:159,1
DA:161,1
DA:162,1
DA:163,1
DA:165,1
DA:166,0
DA:167,1
DA:169,1
DA:170,1
DA:172,1
DA:173,0
DA:174,1
DA:176,1
DA:177,1
DA:179,1
DA:180,0
DA:181,1
DA:183,1
DA:184,1
DA:186,1
DA:187,0
DA:188,0
DA:189,0
DA:190,1
DA:192,1
DA:193,1
DA:194,1
DA:196,1
DA:197,1
DA:198,1
DA:199,1
DA:201,1
DA:202,0
DA:203,1
DA:205,1
DA:206,1
DA:207,1
DA:208,1
DA:209,1
DA:210,1
DA:211,1
DA:213,1
DA:214,1
DA:215,1
DA:216,1
DA:217,1
DA:218,1
DA:219,1
DA:220,1
DA:221,1
DA:222,1
DA:223,1
DA:224,1
DA:226,1
DA:227,1
DA:228,1
DA:229,1
DA:230,1
DA:231,1
DA:232,1
DA:233,1
DA:234,1
DA:235,1
DA:236,1
DA:237,1
DA:239,1
DA:240,1
DA:241,1
DA:242,1
DA:243,1
DA:244,1
DA:245,1
DA:246,1
DA:247,1
DA:248,1
DA:249,1
DA:250,1
DA:252,1
DA:253,1
DA:254,1
DA:255,1
DA:256,1
DA:257,1
DA:258,1
DA:259,1
DA:260,1
DA:261,1
DA:262,1
DA:263,1
DA:265,1
DA:266,1
DA:267,1
DA:268,1
DA:269,1
DA:270,1
DA:272,1
DA:273,1
DA:274,1
DA:275,1
DA:276,1
DA:277,1
DA:279,1
DA:280,1
DA:282,1
DA:283,1
DA:284,1
DA:285,1
DA:286,1
DA:287,1
DA:288,1
DA:289,1
DA:290,1
DA:291,1
DA:292,1
end_of_record
SF:/usr/include/c++/11/bits/stl_pair.h
FN:314,_ZNSt4pairIKcSt3setImSt4lessImESaImEEEC2ERKS6_
FNDA:481,_ZNSt4pairIKcSt3setImSt4lessImESaImEEEC2ERKS6_
FN:322,_ZNSt4pairIPSt18_Rb_tree_node_baseS1_EC2IRS1_Lb1EEEOT_RKS1_
FNDA:17,_ZNSt4pairIPSt18_Rb_tree_node_baseS1_EC2IRS1_Lb1EEEOT_RKS1_
FN:336,_ZNSt4pairIPSt18_Rb_tree_node_baseS1_EC2IRS1_Lb1EEERKS1_OT_
FNDA:304,_ZNSt4pairIPSt18_Rb_tree_node_baseS1_EC2IRS1_Lb1EEERKS1_OT_
FN:352,_ZNSt4pairIPSt18_Rb_tree_node_baseS1_EC2IRPSt13_Rb_tree_nodeIcERS1_Lb1EEEOT_OT0_
FNDA:55,_ZNSt4pairIPSt18_Rb_tree_node_baseS1_EC2IRPSt13_Rb_tree_nodeIcERS1_Lb1EEEOT_OT0_
FN:352,_ZNSt4pairIPSt18_Rb_tree_node_baseS1_EC2IRPSt13_Rb_tree_nodeIS_IKcSt3setImSt4lessImESaImEEEERS1_Lb1EEEOT_OT0_
FNDA:259,_ZNSt4pairIPSt18_Rb_tree_node_baseS1_EC2IRPSt13_Rb_tree_nodeIS_IKcSt3setImSt4lessImESaImEEEERS1_Lb1EEEOT_OT0_
FN:352,_ZNSt4pairISt17_Rb_tree_iteratorImES1_EC2IS1_S1_Lb1EEEOT_OT0_
FNDA:40,_ZNSt4pairISt17_Rb_tree_iteratorImES1_EC2IS1_S1_Lb1EEEOT_OT0_
FN:352,_ZNSt4pairIPSt18_Rb_tree_node_baseS1_EC2IRPSt13_Rb_tree_nodeImERS1_Lb1EEEOT_OT0_
FNDA:413,_ZNSt4pairIPSt18_Rb_tree_node_baseS1_EC2IRPSt13_Rb_tree_nodeImERS1_Lb1EEEOT_OT0_
FN:352,_ZNSt4pairIPSt18_Rb_tree_node_baseS1_EC2IRS1_S4_Lb1EEEOT_OT0_
FNDA:63,_ZNSt4pairIPSt18_Rb_tree_node_baseS1_EC2IRS1_S4_Lb1EEEOT_OT0_
FN:352,_ZNSt4pairISt17_Rb_tree_iteratorImEbEC2IS1_bLb1EEEOT_OT0_
FNDA:289,_ZNSt4pairISt17_Rb_tree_iteratorImEbEC2IS1_bLb1EEEOT_OT0_
FN:352,_ZNSt4pairISt23_Rb_tree_const_iteratorImEbEC2IRSt17_Rb_tree_iteratorImERbLb1EEEOT_OT0_
FNDA:289,_ZNSt4pairISt23_Rb_tree_const_iteratorImEbEC2IRSt17_Rb_tree_iteratorImERbLb1EEEOT_OT0_
DA:314,481
DA:322,17
DA:323,17
DA:336,304
DA:337,304
DA:352,55
DA:353,55
DA:352,259
DA:353,259
DA:352,40
DA:353,40
DA:352,413
DA:353,413
DA:352,63
DA:353,63
DA:352,289
DA:353,289
DA:352,289
DA:353,289
end_of_record
SF:/usr/include/c++/11/ext/type_traits.h
FN:152,_ZN9__gnu_cxx17__is_null_pointerIKcEEbPT_
FNDA:18,_ZN9__gnu_cxx17__is_null_pointerIKcEEbPT_
DA:152,18
DA:153,18
end_of_record
SF:/usr/include/c++/11/bits/stl_iterator_base_types.h
FN:238,_ZSt19__iterator_categoryIPiENSt15iterator_traitsIT_E17iterator_categoryERKS2_
FNDA:29,_ZSt19__iterator_categoryIPiENSt15iterator_traitsIT_E17iterator_categoryERKS2_
FN:238,_ZSt19__iterator_categoryIPcENSt15iterator_traitsIT_E17iterator_categoryERKS2_
FNDA:16,_ZSt19__iterator_categoryIPcENSt15iterator_traitsIT_E17iterator_categoryERKS2_
FN:238,_ZSt19__iterator_categoryIPKcENSt15iterator_traitsIT_E17iterator_categoryERKS3_
FNDA:18,_ZSt19__iterator_categoryIPKcENSt15iterator_traitsIT_E17iterator_categoryERKS3_
DA:238,29
DA:239,29
DA:238,16
DA:239,16
DA:238,18
DA:239,18
end_of_record
SF:/usr/include/c++/11/bits/char_traits.h
FN:106,_ZN9__gnu_cxx11char_traitsIcE2eqERKcS3_
FNDA:0,_ZN9__gnu_cxx11char_traitsIcE2eqERKcS3_
FN:167,_ZN9__gnu_cxx11char_traitsIcE6lengthEPKc
FNDA:0,_ZN9__gnu_cxx11char_traitsIcE6lengthEPKc
FN:393,_ZNSt11char_traitsIcE6lengthEPKc
FNDA:18,_ZNSt11char_traitsIcE6lengthEPKc
FN:429,_ZNSt11char_traitsIcE4copyEPcPKcm
FNDA:0,_ZNSt11char_traitsIcE4copyEPcPKcm
DA:106,0
DA:107,0
DA:167,0
DA:170,0
DA:171,0
DA:172,0
DA:173,0
DA:290,18
DA:393,18
DA:396,18
DA:397,0
DA:399,18
DA:429,0
DA:431,0
DA:432,0
DA:437,0
end_of_record
SF:/usr/include/c++/11/bits/basic_string.h
FN:533,_ZNSt7__cxx1112basic_stringIcSt11char_traitsIcESaIcEEC2IS3_EEPKcRKS3_
FNDA:18,_ZNSt7__cxx1112basic_stringIcSt11char_traitsIcESaIcEEC2IS3_EEPKcRKS3_
FN:553,_ZNSt7__cxx1112basic_stringIcSt11char_traitsIcESaIcEEC2IS3_EEmcRKS3_
FNDA:4,_ZNSt7__cxx1112basic_stringIcSt11char_traitsIcESaIcEEC2IS3_EEmcRKS3_
FN:6172,_ZStplIcSt11char_traitsIcESaIcEENSt7__cxx1112basic_stringIT_T0_T1_EEOS8_S9_
FNDA:2,_ZStplIcSt11char_traitsIcESaIcEENSt7__cxx1112basic_stringIT_T0_T1_EEOS8_S9_
FN:6194,_ZStplIcSt11char_traitsIcESaIcEENSt7__cxx1112basic_stringIT_T0_T1_EEPKS5_OS8_
FNDA:2,_ZStplIcSt11char_traitsIcESaIcEENSt7__cxx1112basic_stringIT_T0_T1_EEPKS5_OS8_
FN:6206,_ZStplIcSt11char_traitsIcESaIcEENSt7__cxx1112basic_stringIT_T0_T1_EEOS8_PKS5_
FNDA:4,_ZStplIcSt11char_traitsIcESaIcEENSt7__cxx1112basic_stringIT_T0_T1_EEOS8_PKS5_
FN:6660,_ZNSt7__cxx119to_stringEi
FNDA:2,_ZNSt7__cxx119to_stringEi
FN:6690,_ZNSt7__cxx119to_stringEm
FNDA:2,_ZNSt7__cxx119to_stringEm
DA:533,18
DA:534,18
DA:536,18
DA:539,18
DA:540,18
DA:553,4
DA:554,4
DA:555,4
DA:6172,2
DA:6177,2
DA:6179,2
DA:6182,2
DA:6185,2
DA:6186,2
DA:6187,0
DA:6189,2
DA:6194,2
DA:6196,2
DA:6206,4
DA:6208,4
DA:6660,2
DA:6662,2
DA:6663,2
DA:6664,2
DA:6665,2
DA:6666,2
DA:6667,2
DA:6668,0
DA:6690,2
DA:6692,2
DA:6693,2
DA:6694,2
DA:6695,0
end_of_record
SF:/usr/include/c++/11/new
FN:174,_ZnwmPv
FNDA:5386,_ZnwmPv
FN:180,_ZdlPvS_
FNDA:0,_ZdlPvS_
DA:174,5386
DA:175,5386
DA:180,0
end_of_record
SF:/usr/include/c++/11/bits/stl_iterator_base_funcs.h
FN:98,_ZSt10__distanceIPKcENSt15iterator_traitsIT_E15difference_typeES3_S3_St26random_access_iterator_tag
FNDA:18,_ZSt10__distanceIPKcENSt15iterator_traitsIT_E15difference_typeES3_S3_St26random_access_iterator_tag
FN:138,_ZSt8distanceIPKcENSt15iterator_traitsIT_E15difference_typeES3_S3_
FNDA:18,_ZSt8distanceIPKcENSt15iterator_traitsIT_E15difference_typeES3_S3_
DA:98,18
DA:104,18
DA:138,18
DA:141,18
DA:142,36
end_of_record
SF:/usr/include/c++/11/bits/stl_function.h
FN:399,_ZNKSt4lessImEclERKmS2_
FNDA:337,_ZNKSt4lessImEclERKmS2_
FN:399,_ZNKSt4lessIcEclERKcS2_
FNDA:3861,_ZNKSt4lessIcEclERKcS2_
FN:1154,_ZNKSt9_IdentityImEclERm
FNDA:201,_ZNKSt9_IdentityImEclERm
FN:1158,_ZNKSt9_IdentityIcEclERKc
FNDA:545,_ZNKSt9_IdentityIcEclERKc
FN:1158,_ZNKSt9_IdentityImEclERKm
FNDA:650,_ZNKSt9_IdentityImEclERKm
FN:1174,_ZNKSt10_Select1stISt4pairIKcSt3setImSt4lessImESaImEEEEclERKS7_
FNDA:3343,_ZNKSt10_Select1stISt4pairIKcSt3setImSt4lessImESaImEEEEclERKS7_
DA:399,337
DA:400,337
DA:399,3861
DA:400,3861
DA:1154,201
DA:1155,201
DA:1158,545
DA:1159,545
DA:1158,650
DA:1159,650
DA:1174,3343
DA:1175,3343
end_of_record
SF:/usr/include/c++/11/bits/stl_tree.h
FN:112,_ZNSt18_Rb_tree_node_base10_S_minimumEPS_
FNDA:760,_ZNSt18_Rb_tree_node_base10_S_minimumEPS_
FN:126,_ZNSt18_Rb_tree_node_base10_S_maximumEPS_
FNDA:760,_ZNSt18_Rb_tree_node_base10_S_maximumEPS_
FN:146,_ZNSt20_Rb_tree_key_compareISt4lessIcEEC2Ev
FNDA:287,_ZNSt20_Rb_tree_key_compareISt4lessIcEEC2Ev
FN:146,_ZNSt20_Rb_tree_key_compareISt4lessImEEC2Ev
FNDA:501,_ZNSt20_Rb_tree_key_compareISt4lessImEEC2Ev
FN:152,_ZNSt20_Rb_tree_key_compareISt4lessIcEEC2ERKS1_
FNDA:582,_ZNSt20_Rb_tree_key_compareISt4lessIcEEC2ERKS1_
FN:152,_ZNSt20_Rb_tree_key_compareISt4lessImEEC2ERKS1_
FNDA:668,_ZNSt20_Rb_tree_key_compareISt4lessImEEC2ERKS1_
FN:160,_ZNSt20_Rb_tree_key_compareISt4lessIcEEC2EOS2_
FNDA:152,_ZNSt20_Rb_tree_key_compareISt4lessIcEEC2EOS2_
FN:173,_ZNSt15_Rb_tree_headerC2Ev
FNDA:2038,_ZNSt15_Rb_tree_headerC2Ev
FN:180,_ZNSt15_Rb_tree_headerC2EOS_
FNDA:152,_ZNSt15_Rb_tree_headerC2EOS_
FN:193,_ZNSt15_Rb_tree_header12_M_move_dataERS_
FNDA:111,_ZNSt15_Rb_tree_header12_M_move_dataERS_
FN:206,_ZNSt15_Rb_tree_header8_M_resetEv
FNDA:2404,_ZNSt15_Rb_tree_header8_M_resetEv
FN:234,_ZNSt13_Rb_tree_nodeISt4pairIKcSt3setImSt4lessImESaImEEEE9_M_valptrEv
FNDA:4801,_ZNSt13_Rb_tree_nodeISt4pairIKcSt3setImSt4lessImESaImEEEE9_M_valptrEv
FN:234,_ZNSt13_Rb_tree_nodeIcE9_M_valptrEv
FNDA:1005,_ZNSt13_Rb_tree_nodeIcE9_M_valptrEv
FN:234,_ZNSt13_Rb_tree_nodeImE9_M_valptrEv
FNDA:2264,_ZNSt13_Rb_tree_nodeImE9_M_valptrEv
FN:238,_ZNKSt13_Rb_tree_nodeISt4pairIKcSt3setImSt4lessImESaImEEEE9_M_valptrEv
FNDA:3343,_ZNKSt13_Rb_tree_nodeISt4pairIKcSt3setImSt4lessImESaImEEEE9_M_valptrEv
FN:238,_ZNKSt13_Rb_tree_nodeImE9_M_valptrEv
FNDA:1016,_ZNKSt13_Rb_tree_nodeImE9_M_valptrEv
FN:238,_ZNKSt13_Rb_tree_nodeIcE9_M_valptrEv
FNDA:738,_ZNKSt13_Rb_tree_nodeIcE9_M_valptrEv
FN:273,_ZNSt17_Rb_tree_iteratorISt4pairIKcSt3setImSt4lessImESaImEEEEC2EPSt18_Rb_tree_node_base
FNDA:4452,_ZNSt17_Rb_tree_iteratorISt4pairIKcSt3setImSt4lessImESaImEEEEC2EPSt18_Rb_tree_node_base
FN:273,_ZNSt17_Rb_tree_iteratorImEC2EPSt18_Rb_tree_node_base
FNDA:1708,_ZNSt17_Rb_tree_iteratorImEC2EPSt18_Rb_tree_node_base
FN:273,_ZNSt17_Rb_tree_iteratorIcEC2EPSt18_Rb_tree_node_base
FNDA:640,_ZNSt17_Rb_tree_iteratorIcEC2EPSt18_Rb_tree_node_base
FN:277,_ZNKSt17_Rb_tree_iteratorISt4pairIKcSt3setImSt4lessImESaImEEEEdeEv
FNDA:2360,_ZNKSt17_Rb_tree_iteratorISt4pairIKcSt3setImSt4lessImESaImEEEEdeEv
FN:285,_ZNSt17_Rb_tree_iteratorImEppEv
FNDA:0,_ZNSt17_Rb_tree_iteratorImEppEv
FN:285,_ZNSt17_Rb_tree_iteratorISt4pairIKcSt3setImSt4lessImESaImEEEEppEv
FNDA:86,_ZNSt17_Rb_tree_iteratorISt4pairIKcSt3setImSt4lessImESaImEEEEppEv
FN:285,_ZNSt17_Rb_tree_iteratorIcEppEv
FNDA:0,_ZNSt17_Rb_tree_iteratorIcEppEv
FN:300,_ZNSt17_Rb_tree_iteratorIcEmmEv
FNDA:0,_ZNSt17_Rb_tree_iteratorIcEmmEv
FN:300,_ZNSt17_Rb_tree_iteratorISt4pairIKcSt3setImSt4lessImESaImEEEEmmEv
FNDA:29,_ZNSt17_Rb_tree_iteratorISt4pairIKcSt3setImSt4lessImESaImEEEEmmEv
FN:300,_ZNSt17_Rb_tree_iteratorImEmmEv
FNDA:3,_ZNSt17_Rb_tree_iteratorImEmmEv
FN:315,_ZSteqRKSt17_Rb_tree_iteratorImES2_
FNDA:370,_ZSteqRKSt17_Rb_tree_iteratorImES2_
FN:315,_ZSteqRKSt17_Rb_tree_iteratorISt4pairIKcSt3setImSt4lessImESaImEEEESA_
FNDA:1609,_ZSteqRKSt17_Rb_tree_iteratorISt4pairIKcSt3setImSt4lessImESaImEEEESA_
FN:315,_ZSteqRKSt17_Rb_tree_iteratorIcES2_
FNDA:72,_ZSteqRKSt17_Rb_tree_iteratorIcES2_
FN:320,_ZStneRKSt17_Rb_tree_iteratorISt4pairIKcSt3setImSt4lessImESaImEEEESA_
FNDA:204,_ZStneRKSt17_Rb_tree_iteratorISt4pairIKcSt3setImSt4lessImESaImEEEESA_
FN:347,_ZNSt23_Rb_tree_const_iteratorImEC2EPKSt18_Rb_tree_node_base
FNDA:2323,_ZNSt23_Rb_tree_const_iteratorImEC2EPKSt18_Rb_tree_node_base
FN:347,_ZNSt23_Rb_tree_const_iteratorIcEC2EPKSt18_Rb_tree_node_base
FNDA:329,_ZNSt23_Rb_tree_const_iteratorIcEC2EPKSt18_Rb_tree_node_base
FN:350,_ZNSt23_Rb_tree_const_iteratorImEC2ERKSt17_Rb_tree_iteratorImE
FNDA:592,_ZNSt23_Rb_tree_const_iteratorImEC2ERKSt17_Rb_tree_iteratorImE
FN:350,_ZNSt23_Rb_tree_const_iteratorIcEC2ERKSt17_Rb_tree_iteratorIcE
FNDA:182,_ZNSt23_Rb_tree_const_iteratorIcEC2ERKSt17_Rb_tree_iteratorIcE
FN:350,_ZNSt23_Rb_tree_const_iteratorISt4pairIKcSt3setImSt4lessImESaImEEEEC2ERKSt17_Rb_tree_iteratorIS7_E
FNDA:499,_ZNSt23_Rb_tree_const_iteratorISt4pairIKcSt3setImSt4lessImESaImEEEEC2ERKSt17_Rb_tree_iteratorIS7_E
FN:354,_ZNKSt23_Rb_tree_const_iteratorISt4pairIKcSt3setImSt4lessImESaImEEEE13_M_const_castEv
FNDA:499,_ZNKSt23_Rb_tree_const_iteratorISt4pairIKcSt3setImSt4lessImESaImEEEE13_M_const_castEv
FN:354,_ZNKSt23_Rb_tree_const_iteratorIcE13_M_const_castEv
FNDA:165,_ZNKSt23_Rb_tree_const_iteratorIcE13_M_const_castEv
FN:354,_ZNKSt23_Rb_tree_const_iteratorImE13_M_const_castEv
FNDA:158,_ZNKSt23_Rb_tree_const_iteratorImE13_M_const_castEv
FN:358,_ZNKSt23_Rb_tree_const_iteratorIcEdeEv
FNDA:468,_ZNKSt23_Rb_tree_const_iteratorIcEdeEv
FN:358,_ZNKSt23_Rb_tree_const_iteratorImEdeEv
FNDA:679,_ZNKSt23_Rb_tree_const_iteratorImEdeEv
FN:366,_ZNSt23_Rb_tree_const_iteratorIcEppEv
FNDA:468,_ZNSt23_Rb_tree_const_iteratorIcEppEv
FN:366,_ZNSt23_Rb_tree_const_iteratorImEppEv
FNDA:666,_ZNSt23_Rb_tree_const_iteratorImEppEv
FN:373,_ZNSt23_Rb_tree_const_iteratorImEppEi
FNDA:1,_ZNSt23_Rb_tree_const_iteratorImEppEi
FN:396,_ZSteqRKSt23_Rb_tree_const_iteratorImES2_
FNDA:65,_ZSteqRKSt23_Rb_tree_const_iteratorImES2_
FN:396,_ZSteqRKSt23_Rb_tree_const_iteratorIcES2_
FNDA:17,_ZSteqRKSt23_Rb_tree_const_iteratorIcES2_
FN:401,_ZStneRKSt23_Rb_tree_const_iteratorIcES2_
FNDA:624,_ZStneRKSt23_Rb_tree_const_iteratorIcES2_
FN:401,_ZStneRKSt23_Rb_tree_const_iteratorImES2_
FNDA:1829,_ZStneRKSt23_Rb_tree_const_iteratorImES2_
FN:443,_ZNSt8_Rb_treeImmSt9_IdentityImESt4lessImESaImEE20_Reuse_or_alloc_nodeC2ERS5_
FNDA:65,_ZNSt8_Rb_treeImmSt9_IdentityImESt4lessImESaImEE20_Reuse_or_alloc_nodeC2ERS5_
FN:461,_ZNSt8_Rb_treeImmSt9_IdentityImESt4lessImESaImEE20_Reuse_or_alloc_nodeD2Ev
FNDA:65,_ZNSt8_Rb_treeImmSt9_IdentityImESt4lessImESaImEE20_Reuse_or_alloc_nodeD2Ev
FN:466,_ZNSt8_Rb_treeImmSt9_IdentityImESt4lessImESaImEE20_Reuse_or_alloc_nodeclIRKmEEPSt13_Rb_tree_nodeImEOT_
FNDA:77,_ZNSt8_Rb_treeImmSt9_IdentityImESt4lessImESaImEE20_Reuse_or_alloc_nodeclIRKmEEPSt13_Rb_tree_nodeImEOT_
FN:481,_ZNSt8_Rb_treeImmSt9_IdentityImESt4lessImESaImEE20_Reuse_or_alloc_node10_M_extractEv
FNDA:77,_ZNSt8_Rb_treeImmSt9_IdentityImESt4lessImESaImEE20_Reuse_or_alloc_node10_M_extractEv
FN:523,_ZNSt8_Rb_treeIcSt4pairIKcSt3setImSt4lessImESaImEEESt10_Select1stIS7_ES3_IcESaIS7_EE11_Alloc_nodeC2ERSC_
FNDA:283,_ZNSt8_Rb_treeIcSt4pairIKcSt3setImSt4lessImESaImEEESt10_Select1stIS7_ES3_IcESaIS7_EE11_Alloc_nodeC2ERSC_
FN:523,_ZNSt8_Rb_treeImmSt9_IdentityImESt4lessImESaImEE11_Alloc_nodeC2ERS5_
FNDA:750,_ZNSt8_Rb_treeImmSt9_IdentityImESt4lessImESaImEE11_Alloc_nodeC2ERS5_
FN:523,_ZNSt8_Rb_treeIccSt9_IdentityIcESt4lessIcESaIcEE11_Alloc_nodeC2ERS5_
FNDA:130,_ZNSt8_Rb_treeIccSt9_IdentityIcESt4lessIcESaIcEE11_Alloc_nodeC2ERS5_
FN:528,_ZNKSt8_Rb_treeIcSt4pairIKcSt3setImSt4lessImESaImEEESt10_Select1stIS7_ES3_IcESaIS7_EE11_Alloc_nodeclIRKS7_EEPSt13_Rb_tree_nodeIS7_EOT_
FNDA:481,_ZNKSt8_Rb_treeIcSt4pairIKcSt3setImSt4lessImESaImEEESt10_Select1stIS7_ES3_IcESaIS7_EE11_Alloc_nodeclIRKS7_EEPSt13_Rb_tree_nodeIS7_EOT_
FN:528,_ZNKSt8_Rb_treeIccSt9_IdentityIcESt4lessIcESaIcEE11_Alloc_nodeclIRKcEEPSt13_Rb_tree_nodeIcEOT_
FNDA:390,_ZNKSt8_Rb_treeIccSt9_IdentityIcESt4lessIcESaIcEE11_Alloc_nodeclIRKcEEPSt13_Rb_tree_nodeIcEOT_
FN:528,_ZNKSt8_Rb_treeImmSt9_IdentityImESt4lessImESaImEE11_Alloc_nodeclImEEPSt13_Rb_tree_nodeImEOT_
FNDA:173,_ZNKSt8_Rb_treeImmSt9_IdentityImESt4lessImESaImEE11_Alloc_nodeclImEEPSt13_Rb_tree_nodeImEOT_
FN:528,_ZNKSt8_Rb_treeImmSt9_IdentityImESt4lessImESaImEE11_Alloc_nodeclIRKmEEPSt13_Rb_tree_nodeImEOT_
FNDA:648,_ZNKSt8_Rb_treeImmSt9_IdentityImESt4lessImESaImEE11_Alloc_nodeclIRKmEEPSt13_Rb_tree_nodeImEOT_
FN:547,_ZNSt8_Rb_treeImmSt9_IdentityImESt4lessImESaImEE21_M_get_Node_allocatorEv
FNDA:3592,_ZNSt8_Rb_treeImmSt9_IdentityImESt4lessImESaImEE21_M_get_Node_allocatorEv
FN:547,_ZNSt8_Rb_treeIccSt9_IdentityIcESt4lessIcESaIcEE21_M_get_Node_allocatorEv
FNDA:1560,_ZNSt8_Rb_treeIccSt9_IdentityIcESt4lessIcESaIcEE21_M_get_Node_allocatorEv
FN:547,_ZNSt8_Rb_treeIcSt4pairIKcSt3setImSt4lessImESaImEEESt10_Select1stIS7_ES3_IcESaIS7_EE21_M_get_Node_allocatorEv
FNDA:4000,_ZNSt8_Rb_treeIcSt4pairIKcSt3setImSt4lessImESaImEEESt10_Select1stIS7_ES3_IcESaIS7_EE21_M_get_Node_allocatorEv
FN:560,_ZNSt8_Rb_treeIcSt4pairIKcSt3setImSt4lessImESaImEEESt10_Select1stIS7_ES3_IcESaIS7_EE11_M_get_nodeEv
FNDA:980,_ZNSt8_Rb_treeIcSt4pairIKcSt3setImSt4lessImESaImEEESt10_Select1stIS7_ES3_IcESaIS7_EE11_M_get_nodeEv
FN:560,_ZNSt8_Rb_treeImmSt9_IdentityImESt4lessImESaImEE11_M_get_nodeEv
FNDA:898,_ZNSt8_Rb_treeImmSt9_IdentityImESt4lessImESaImEE11_M_get_nodeEv
FN:560,_ZNSt8_Rb_treeIccSt9_IdentityIcESt4lessIcESaIcEE11_M_get_nodeEv
FNDA:390,_ZNSt8_Rb_treeIccSt9_IdentityIcESt4lessIcESaIcEE11_M_get_nodeEv
FN:564,_ZNSt8_Rb_treeIcSt4pairIKcSt3setImSt4lessImESaImEEESt10_Select1stIS7_ES3_IcESaIS7_EE11_M_put_nodeEPSt13_Rb_tree_nodeIS7_E
FNDA:980,_ZNSt8_Rb_treeIcSt4pairIKcSt3setImSt4lessImESaImEEESt10_Select1stIS7_ES3_IcESaIS7_EE11_M_put_nodeEPSt13_Rb_tree_nodeIS7_E
FN:564,_ZNSt8_Rb_treeIccSt9_IdentityIcESt4lessIcESaIcEE11_M_put_nodeEPSt13_Rb_tree_nodeIcE
FNDA:390,_ZNSt8_Rb_treeIccSt9_IdentityIcESt4lessIcESaIcEE11_M_put_nodeEPSt13_Rb_tree_nodeIcE
FN:564,_ZNSt8_Rb_treeImmSt9_IdentityImESt4lessImESaImEE11_M_put_nodeEPSt13_Rb_tree_nodeImE
FNDA:898,_ZNSt8_Rb_treeImmSt9_IdentityImESt4lessImESaImEE11_M_put_nodeEPSt13_Rb_tree_nodeImE
FN:590,_ZNSt8_Rb_treeIccSt9_IdentityIcESt4lessIcESaIcEE17_M_construct_nodeIJRKcEEEvPSt13_Rb_tree_nodeIcEDpOT_
FNDA:390,_ZNSt8_Rb_treeIccSt9_IdentityIcESt4lessIcESaIcEE17_M_construct_nodeIJRKcEEEvPSt13_Rb_tree_nodeIcEDpOT_
FN:590,_ZNSt8_Rb_treeIcSt4pairIKcSt3setImSt4lessImESaImEEESt10_Select1stIS7_ES3_IcESaIS7_EE17_M_construct_nodeIJRKS7_EEEvPSt13_Rb_tree_nodeIS7_EDpOT_
FNDA:481,_ZNSt8_Rb_treeIcSt4pairIKcSt3setImSt4lessImESaImEEESt10_Select1stIS7_ES3_IcESaIS7_EE17_M_construct_nodeIJRKS7_EEEvPSt13_Rb_tree_nodeIS7_EDpOT_
FN:590,_ZNSt8_Rb_treeImmSt9_IdentityImESt4lessImESaImEE17_M_construct_nodeIJmEEEvPSt13_Rb_tree_nodeImEDpOT_
FNDA:173,_ZNSt8_Rb_treeImmSt9_IdentityImESt4lessImESaImEE17_M_construct_nodeIJmEEEvPSt13_Rb_tree_nodeImEDpOT_
FN:590,_ZNSt8_Rb_treeIcSt4pairIKcSt3setImSt4lessImESaImEEESt10_Select1stIS7_ES3_IcESaIS7_EE17_M_construct_nodeIJRKSt21piecewise_construct_tSt5tupleIJRS1_EESH_IJEEEEEvPSt13_Rb_tree_nodeIS7_EDpOT_
FNDA:407,_ZNSt8_Rb_treeIcSt4pairIKcSt3setImSt4lessImESaImEEESt10_Select1stIS7_ES3_IcESaIS7_EE17_M_construct_nodeIJRKSt21piecewise_construct_tSt5tupleIJRS1_EESH_IJEEEEEvPSt13_Rb_tree_nodeIS7_EDpOT_
FN:590,_ZNSt8_Rb_treeIcSt4pairIKcSt3setImSt4lessImESaImEEESt10_Select1stIS7_ES3_IcESaIS7_EE17_M_construct_nodeIJRKSt21piecewise_construct_tSt5tupleIJOcEESH_IJEEEEEvPSt13_Rb_tree_nodeIS7_EDpOT_
FNDA:92,_ZNSt8_Rb_treeIcSt4pairIKcSt3setImSt4lessImESaImEEESt10_Select1stIS7_ES3_IcESaIS7_EE17_M_construct_nodeIJRKSt21piecewise_construct_tSt5tupleIJOcEESH_IJEEEEEvPSt13_Rb_tree_nodeIS7_EDpOT_
FN:590,_ZNSt8_Rb_treeImmSt9_IdentityImESt4lessImESaImEE17_M_construct_nodeIJRKmEEEvPSt13_Rb_tree_nodeImEDpOT_
FNDA:725,_ZNSt8_Rb_treeImmSt9_IdentityImESt4lessImESaImEE17_M_construct_nodeIJRKmEEEvPSt13_Rb_tree_nodeImEDpOT_
FN:609,_ZNSt8_Rb_treeImmSt9_IdentityImESt4lessImESaImEE14_M_create_nodeIJRKmEEEPSt13_Rb_tree_nodeImEDpOT_
FNDA:725,_ZNSt8_Rb_treeImmSt9_IdentityImESt4lessImESaImEE14_M_create_nodeIJRKmEEEPSt13_Rb_tree_nodeImEDpOT_
FN:609,_ZNSt8_Rb_treeIcSt4pairIKcSt3setImSt4lessImESaImEEESt10_Select1stIS7_ES3_IcESaIS7_EE14_M_create_nodeIJRKSt21piecewise_construct_tSt5tupleIJRS1_EESH_IJEEEEEPSt13_Rb_tree_nodeIS7_EDpOT_
FNDA:407,_ZNSt8_Rb_treeIcSt4pairIKcSt3setImSt4lessImESaImEEESt10_Select1stIS7_ES3_IcESaIS7_EE14_M_create_nodeIJRKSt21piecewise_construct_tSt5tupleIJRS1_EESH_IJEEEEEPSt13_Rb_tree_nodeIS7_EDpOT_
FN:609,_ZNSt8_Rb_treeIcSt4pairIKcSt3setImSt4lessImESaImEEESt10_Select1stIS7_ES3_IcESaIS7_EE14_M_create_nodeIJRKS7_EEEPSt13_Rb_tree_nodeIS7_EDpOT_
FNDA:481,_ZNSt8_Rb_treeIcSt4pairIKcSt3setImSt4lessImESaImEEESt10_Select1stIS7_ES3_IcESaIS7_EE14_M_create_nodeIJRKS7_EEEPSt13_Rb_tree_nodeIS7_EDpOT_
FN:609,_ZNSt8_Rb_treeIcSt4pairIKcSt3setImSt4lessImESaImEEESt10_Select1stIS7_ES3_IcESaIS7_EE14_M_create_nodeIJRKSt21piecewise_construct_tSt5tupleIJOcEESH_IJEEEEEPSt13_Rb_tree_nodeIS7_EDpOT_
FNDA:92,_ZNSt8_Rb_treeIcSt4pairIKcSt3setImSt4lessImESaImEEESt10_Select1stIS7_ES3_IcESaIS7_EE14_M_create_nodeIJRKSt21piecewise_construct_tSt5tupleIJOcEESH_IJEEEEEPSt13_Rb_tree_nodeIS7_EDpOT_
FN:609,_ZNSt8_Rb_treeImmSt9_IdentityImESt4lessImESaImEE14_M_create_nodeIJmEEEPSt13_Rb_tree_nodeImEDpOT_
FNDA:173,_ZNSt8_Rb_treeImmSt9_IdentityImESt4lessImESaImEE14_M_create_nodeIJmEEEPSt13_Rb_tree_nodeImEDpOT_
FN:609,_ZNSt8_Rb_treeIccSt9_IdentityIcESt4lessIcESaIcEE14_M_create_nodeIJRKcEEEPSt13_Rb_tree_nodeIcEDpOT_
FNDA:390,_ZNSt8_Rb_treeIccSt9_IdentityIcESt4lessIcESaIcEE14_M_create_nodeIJRKcEEEPSt13_Rb_tree_nodeIcEDpOT_
FN:618,_ZNSt8_Rb_treeIcSt4pairIKcSt3setImSt4lessImESaImEEESt10_Select1stIS7_ES3_IcESaIS7_EE15_M_destroy_nodeEPSt13_Rb_tree_nodeIS7_E
FNDA:980,_ZNSt8_Rb_treeIcSt4pairIKcSt3setImSt4lessImESaImEEESt10_Select1stIS7_ES3_IcESaIS7_EE15_M_destroy_nodeEPSt13_Rb_tree_nodeIS7_E
FN:618,_ZNSt8_Rb_treeIccSt9_IdentityIcESt4lessIcESaIcEE15_M_destroy_nodeEPSt13_Rb_tree_nodeIcE
FNDA:390,_ZNSt8_Rb_treeIccSt9_IdentityIcESt4lessIcESaIcEE15_M_destroy_nodeEPSt13_Rb_tree_nodeIcE
FN:618,_ZNSt8_Rb_treeImmSt9_IdentityImESt4lessImESaImEE15_M_destroy_nodeEPSt13_Rb_tree_nodeImE
FNDA:898,_ZNSt8_Rb_treeImmSt9_IdentityImESt4lessImESaImEE15_M_destroy_nodeEPSt13_Rb_tree_nodeImE
FN:629,_ZNSt8_Rb_treeIccSt9_IdentityIcESt4lessIcESaIcEE12_M_drop_nodeEPSt13_Rb_tree_nodeIcE
FNDA:390,_ZNSt8_Rb_treeIccSt9_IdentityIcESt4lessIcESaIcEE12_M_drop_nodeEPSt13_Rb_tree_nodeIcE
FN:629,_ZNSt8_Rb_treeImmSt9_IdentityImESt4lessImESaImEE12_M_drop_nodeEPSt13_Rb_tree_nodeImE
FNDA:898,_ZNSt8_Rb_treeImmSt9_IdentityImESt4lessImESaImEE12_M_drop_nodeEPSt13_Rb_tree_nodeImE
FN:629,_ZNSt8_Rb_treeIcSt4pairIKcSt3setImSt4lessImESaImEEESt10_Select1stIS7_ES3_IcESaIS7_EE12_M_drop_nodeEPSt13_Rb_tree_nodeIS7_E
FNDA:980,_ZNSt8_Rb_treeIcSt4pairIKcSt3setImSt4lessImESaImEEESt10_Select1stIS7_ES3_IcESaIS7_EE12_M_drop_nodeEPSt13_Rb_tree_nodeIS7_E
FN:637,_ZNSt8_Rb_treeIccSt9_IdentityIcESt4lessIcESaIcEE13_M_clone_nodeILb0ENS5_11_Alloc_nodeEEEPSt13_Rb_tree_nodeIcESA_RT0_
FNDA:225,_ZNSt8_Rb_treeIccSt9_IdentityIcESt4lessIcESaIcEE13_M_clone_nodeILb0ENS5_11_Alloc_nodeEEEPSt13_Rb_tree_nodeIcESA_RT0_
FN:637,_ZNSt8_Rb_treeImmSt9_IdentityImESt4lessImESaImEE13_M_clone_nodeILb0ENS5_11_Alloc_nodeEEEPSt13_Rb_tree_nodeImESA_RT0_
FNDA:468,_ZNSt8_Rb_treeImmSt9_IdentityImESt4lessImESaImEE13_M_clone_nodeILb0ENS5_11_Alloc_nodeEEEPSt13_Rb_tree_nodeImESA_RT0_
FN:637,_ZNSt8_Rb_treeIcSt4pairIKcSt3setImSt4lessImESaImEEESt10_Select1stIS7_ES3_IcESaIS7_EE13_M_clone_nodeILb0ENSC_11_Alloc_nodeEEEPSt13_Rb_tree_nodeIS7_ESH_RT0_
FNDA:481,_ZNSt8_Rb_treeIcSt4pairIKcSt3setImSt4lessImESaImEEESt10_Select1stIS7_ES3_IcESaIS7_EE13_M_clone_nodeILb0ENSC_11_Alloc_nodeEEEPSt13_Rb_tree_nodeIS7_ESH_RT0_
FN:667,_ZNSt8_Rb_treeIcSt4pairIKcSt3setImSt4lessImESaImEEESt10_Select1stIS7_ES3_IcESaIS7_EE13_Rb_tree_implISA_Lb1EEC2Ev
FNDA:287,_ZNSt8_Rb_treeIcSt4pairIKcSt3setImSt4lessImESaImEEESt10_Select1stIS7_ES3_IcESaIS7_EE13_Rb_tree_implISA_Lb1EEC2Ev
FN:667,_ZNSt8_Rb_treeImmSt9_IdentityImESt4lessImESaImEE13_Rb_tree_implIS3_Lb1EEC2Ev
FNDA:501,_ZNSt8_Rb_treeImmSt9_IdentityImESt4lessImESaImEE13_Rb_tree_implIS3_Lb1EEC2Ev
FN:674,_ZNSt8_Rb_treeIcSt4pairIKcSt3setImSt4lessImESaImEEESt10_Select1stIS7_ES3_IcESaIS7_EE13_Rb_tree_implISA_Lb1EEC2ERKSE_
FNDA:452,_ZNSt8_Rb_treeIcSt4pairIKcSt3setImSt4lessImESaImEEESt10_Select1stIS7_ES3_IcESaIS7_EE13_Rb_tree_implISA_Lb1EEC2ERKSE_
FN:674,_ZNSt8_Rb_treeIccSt9_IdentityIcESt4lessIcESaIcEE13_Rb_tree_implIS3_Lb1EEC2ERKS7_
FNDA:75,_ZNSt8_Rb_treeIccSt9_IdentityIcESt4lessIcESaIcEE13_Rb_tree_implIS3_Lb1EEC2ERKS7_
FN:674,_ZNSt8_Rb_treeImmSt9_IdentityImESt4lessImESaImEE13_Rb_tree_implIS3_Lb1EEC2ERKS7_
FNDA:592,_ZNSt8_Rb_treeImmSt9_IdentityImESt4lessImESaImEE13_Rb_tree_implIS3_Lb1EEC2ERKS7_
FN:685,_ZNSt8_Rb_treeIcSt4pairIKcSt3setImSt4lessImESaImEEESt10_Select1stIS7_ES3_IcESaIS7_EE13_Rb_tree_implISA_Lb1EEC2EOSE_
FNDA:152,_ZNSt8_Rb_treeIcSt4pairIKcSt3setImSt4lessImESaImEEESt10_Select1stIS7_ES3_IcESaIS7_EE13_Rb_tree_implISA_Lb1EEC2EOSE_
FN:700,_ZNSt8_Rb_treeIccSt9_IdentityIcESt4lessIcESaIcEE13_Rb_tree_implIS3_Lb1EEC2ERKS3_OSaISt13_Rb_tree_nodeIcEE
FNDA:55,_ZNSt8_Rb_treeIccSt9_IdentityIcESt4lessIcESaIcEE13_Rb_tree_implIS3_Lb1EEC2ERKS3_OSaISt13_Rb_tree_nodeIcEE
FN:700,_ZNSt8_Rb_treeImmSt9_IdentityImESt4lessImESaImEE13_Rb_tree_implIS3_Lb1EEC2ERKS3_OSaISt13_Rb_tree_nodeImEE
FNDA:76,_ZNSt8_Rb_treeImmSt9_IdentityImESt4lessImESaImEE13_Rb_tree_implIS3_Lb1EEC2ERKS3_OSaISt13_Rb_tree_nodeImEE
FN:710,_ZNSt8_Rb_treeIcSt4pairIKcSt3setImSt4lessImESaImEEESt10_Select1stIS7_ES3_IcESaIS7_EE7_M_rootEv
FNDA:323,_ZNSt8_Rb_treeIcSt4pairIKcSt3setImSt4lessImESaImEEESt10_Select1stIS7_ES3_IcESaIS7_EE7_M_rootEv
FN:710,_ZNSt8_Rb_treeImmSt9_IdentityImESt4lessImESaImEE7_M_rootEv
FNDA:467,_ZNSt8_Rb_treeImmSt9_IdentityImESt4lessImESaImEE7_M_rootEv
FN:710,_ZNSt8_Rb_treeIccSt9_IdentityIcESt4lessIcESaIcEE7_M_rootEv
FNDA:75,_ZNSt8_Rb_treeIccSt9_IdentityIcESt4lessIcESaIcEE7_M_rootEv
FN:714,_ZNKSt8_Rb_treeImmSt9_IdentityImESt4lessImESaImEE7_M_rootEv
FNDA:592,_ZNKSt8_Rb_treeImmSt9_IdentityImESt4lessImESaImEE7_M_rootEv
FN:714,_ZNKSt8_Rb_treeIcSt4pairIKcSt3setImSt4lessImESaImEEESt10_Select1stIS7_ES3_IcESaIS7_EE7_M_rootEv
FNDA:452,_ZNKSt8_Rb_treeIcSt4pairIKcSt3setImSt4lessImESaImEEESt10_Select1stIS7_ES3_IcESaIS7_EE7_M_rootEv
FN:714,_ZNKSt8_Rb_treeIccSt9_IdentityIcESt4lessIcESaIcEE7_M_rootEv
FNDA:75,_ZNKSt8_Rb_treeIccSt9_IdentityIcESt4lessIcESaIcEE7_M_rootEv
FN:718,_ZNSt8_Rb_treeImmSt9_IdentityImESt4lessImESaImEE11_M_leftmostEv
FNDA:402,_ZNSt8_Rb_treeImmSt9_IdentityImESt4lessImESaImEE11_M_leftmostEv
FN:718,_ZNSt8_Rb_treeIccSt9_IdentityIcESt4lessIcESaIcEE11_M_leftmostEv
FNDA:75,_ZNSt8_Rb_treeIccSt9_IdentityIcESt4lessIcESaIcEE11_M_leftmostEv
FN:718,_ZNSt8_Rb_treeIcSt4pairIKcSt3setImSt4lessImESaImEEESt10_Select1stIS7_ES3_IcESaIS7_EE11_M_leftmostEv
FNDA:444,_ZNSt8_Rb_treeIcSt4pairIKcSt3setImSt4lessImESaImEEESt10_Select1stIS7_ES3_IcESaIS7_EE11_M_leftmostEv
FN:726,_ZNSt8_Rb_treeIccSt9_IdentityIcESt4lessIcESaIcEE12_M_rightmostEv
FNDA:295,_ZNSt8_Rb_treeIccSt9_IdentityIcESt4lessIcESaIcEE12_M_rightmostEv
FN:726,_ZNSt8_Rb_treeImmSt9_IdentityImESt4lessImESaImEE12_M_rightmostEv
FNDA:501,_ZNSt8_Rb_treeImmSt9_IdentityImESt4lessImESaImEE12_M_rightmostEv
FN:726,_ZNSt8_Rb_treeIcSt4pairIKcSt3setImSt4lessImESaImEEESt10_Select1stIS7_ES3_IcESaIS7_EE12_M_rightmostEv
FNDA:617,_ZNSt8_Rb_treeIcSt4pairIKcSt3setImSt4lessImESaImEEESt10_Select1stIS7_ES3_IcESaIS7_EE12_M_rightmostEv
FN:734,_ZNKSt8_Rb_treeIccSt9_IdentityIcESt4lessIcESaIcEE9_M_mbeginEv
FNDA:277,_ZNKSt8_Rb_treeIccSt9_IdentityIcESt4lessIcESaIcEE9_M_mbeginEv
FN:734,_ZNKSt8_Rb_treeImmSt9_IdentityImESt4lessImESaImEE9_M_mbeginEv
FNDA:2150,_ZNKSt8_Rb_treeImmSt9_IdentityImESt4lessImESaImEE9_M_mbeginEv
FN:734,_ZNKSt8_Rb_treeIcSt4pairIKcSt3setImSt4lessImESaImEEESt10_Select1stIS7_ES3_IcESaIS7_EE9_M_mbeginEv
FNDA:2823,_ZNKSt8_Rb_treeIcSt4pairIKcSt3setImSt4lessImESaImEEESt10_Select1stIS7_ES3_IcESaIS7_EE9_M_mbeginEv
FN:738,_ZNSt8_Rb_treeIccSt9_IdentityIcESt4lessIcESaIcEE8_M_beginEv
FNDA:202,_ZNSt8_Rb_treeIccSt9_IdentityIcESt4lessIcESaIcEE8_M_beginEv
FN:738,_ZNSt8_Rb_treeImmSt9_IdentityImESt4lessImESaImEE8_M_beginEv
FNDA:1748,_ZNSt8_Rb_treeImmSt9_IdentityImESt4lessImESaImEE8_M_beginEv
FN:738,_ZNSt8_Rb_treeIcSt4pairIKcSt3setImSt4lessImESaImEEESt10_Select1stIS7_ES3_IcESaIS7_EE8_M_beginEv
FNDA:2540,_ZNSt8_Rb_treeIcSt4pairIKcSt3setImSt4lessImESaImEEESt10_Select1stIS7_ES3_IcESaIS7_EE8_M_beginEv
FN:749,_ZNSt8_Rb_treeIcSt4pairIKcSt3setImSt4lessImESaImEEESt10_Select1stIS7_ES3_IcESaIS7_EE6_M_endEv
FNDA:2827,_ZNSt8_Rb_treeIcSt4pairIKcSt3setImSt4lessImESaImEEESt10_Select1stIS7_ES3_IcESaIS7_EE6_M_endEv
FN:749,_ZNSt8_Rb_treeIccSt9_IdentityIcESt4lessIcESaIcEE6_M_endEv
FNDA:477,_ZNSt8_Rb_treeIccSt9_IdentityIcESt4lessIcESaIcEE6_M_endEv
FN:749,_ZNSt8_Rb_treeImmSt9_IdentityImESt4lessImESaImEE6_M_endEv
FNDA:1460,_ZNSt8_Rb_treeImmSt9_IdentityImESt4lessImESaImEE6_M_endEv
FN:757,_ZNSt8_Rb_treeIcSt4pairIKcSt3setImSt4lessImESaImEEESt10_Select1stIS7_ES3_IcESaIS7_EE6_S_keyEPKSt13_Rb_tree_nodeIS7_E
FNDA:3343,_ZNSt8_Rb_treeIcSt4pairIKcSt3setImSt4lessImESaImEEESt10_Select1stIS7_ES3_IcESaIS7_EE6_S_keyEPKSt13_Rb_tree_nodeIS7_E
FN:757,_ZNSt8_Rb_treeIccSt9_IdentityIcESt4lessIcESaIcEE6_S_keyEPKSt13_Rb_tree_nodeIcE
FNDA:270,_ZNSt8_Rb_treeIccSt9_IdentityIcESt4lessIcESaIcEE6_S_keyEPKSt13_Rb_tree_nodeIcE
FN:757,_ZNSt8_Rb_treeImmSt9_IdentityImESt4lessImESaImEE6_S_keyEPKSt13_Rb_tree_nodeImE
FNDA:337,_ZNSt8_Rb_treeImmSt9_IdentityImESt4lessImESaImEE6_S_keyEPKSt13_Rb_tree_nodeImE
FN:779,_ZNSt8_Rb_treeImmSt9_IdentityImESt4lessImESaImEE7_S_leftEPSt18_Rb_tree_node_base
FNDA:1422,_ZNSt8_Rb_treeImmSt9_IdentityImESt4lessImESaImEE7_S_leftEPSt18_Rb_tree_node_base
FN:779,_ZNSt8_Rb_treeIccSt9_IdentityIcESt4lessIcESaIcEE7_S_leftEPSt18_Rb_tree_node_base
FNDA:636,_ZNSt8_Rb_treeIccSt9_IdentityIcESt4lessIcESaIcEE7_S_leftEPSt18_Rb_tree_node_base
FN:779,_ZNSt8_Rb_treeIcSt4pairIKcSt3setImSt4lessImESaImEEESt10_Select1stIS7_ES3_IcESaIS7_EE7_S_leftEPSt18_Rb_tree_node_base
FNDA:2905,_ZNSt8_Rb_treeIcSt4pairIKcSt3setImSt4lessImESaImEEESt10_Select1stIS7_ES3_IcESaIS7_EE7_S_leftEPSt18_Rb_tree_node_base
FN:787,_ZNSt8_Rb_treeImmSt9_IdentityImESt4lessImESaImEE8_S_rightEPSt18_Rb_tree_node_base
FNDA:1030,_ZNSt8_Rb_treeImmSt9_IdentityImESt4lessImESaImEE8_S_rightEPSt18_Rb_tree_node_base
FN:787,_ZNSt8_Rb_treeIccSt9_IdentityIcESt4lessIcESaIcEE8_S_rightEPSt18_Rb_tree_node_base
FNDA:478,_ZNSt8_Rb_treeIccSt9_IdentityIcESt4lessIcESaIcEE8_S_rightEPSt18_Rb_tree_node_base
FN:787,_ZNSt8_Rb_treeIcSt4pairIKcSt3setImSt4lessImESaImEEESt10_Select1stIS7_ES3_IcESaIS7_EE8_S_rightEPSt18_Rb_tree_node_base
FNDA:1913,_ZNSt8_Rb_treeIcSt4pairIKcSt3setImSt4lessImESaImEEESt10_Select1stIS7_ES3_IcESaIS7_EE8_S_rightEPSt18_Rb_tree_node_base
FN:795,_ZNSt8_Rb_treeIcSt4pairIKcSt3setImSt4lessImESaImEEESt10_Select1stIS7_ES3_IcESaIS7_EE6_S_keyEPKSt18_Rb_tree_node_base
FNDA:446,_ZNSt8_Rb_treeIcSt4pairIKcSt3setImSt4lessImESaImEEESt10_Select1stIS7_ES3_IcESaIS7_EE6_S_keyEPKSt18_Rb_tree_node_base
FN:795,_ZNSt8_Rb_treeIccSt9_IdentityIcESt4lessIcESaIcEE6_S_keyEPKSt18_Rb_tree_node_base
FNDA:236,_ZNSt8_Rb_treeIccSt9_IdentityIcESt4lessIcESaIcEE6_S_keyEPKSt18_Rb_tree_node_base
FN:795,_ZNSt8_Rb_treeImmSt9_IdentityImESt4lessImESaImEE6_S_keyEPKSt18_Rb_tree_node_base
FNDA:147,_ZNSt8_Rb_treeImmSt9_IdentityImESt4lessImESaImEE6_S_keyEPKSt18_Rb_tree_node_base
FN:799,_ZNSt8_Rb_treeImmSt9_IdentityImESt4lessImESaImEE10_S_minimumEPSt18_Rb_tree_node_base
FNDA:402,_ZNSt8_Rb_treeImmSt9_IdentityImESt4lessImESaImEE10_S_minimumEPSt18_Rb_tree_node_base
FN:799,_ZNSt8_Rb_treeIcSt4pairIKcSt3setImSt4lessImESaImEEESt10_Select1stIS7_ES3_IcESaIS7_EE10_S_minimumEPSt18_Rb_tree_node_base
FNDA:283,_ZNSt8_Rb_treeIcSt4pairIKcSt3setImSt4lessImESaImEEESt10_Select1stIS7_ES3_IcESaIS7_EE10_S_minimumEPSt18_Rb_tree_node_base
FN:799,_ZNSt8_Rb_treeIccSt9_IdentityIcESt4lessIcESaIcEE10_S_minimumEPSt18_Rb_tree_node_base
FNDA:75,_ZNSt8_Rb_treeIccSt9_IdentityIcESt4lessIcESaIcEE10_S_minimumEPSt18_Rb_tree_node_base
FN:807,_ZNSt8_Rb_treeImmSt9_IdentityImESt4lessImESaImEE10_S_maximumEPSt18_Rb_tree_node_base
FNDA:402,_ZNSt8_Rb_treeImmSt9_IdentityImESt4lessImESaImEE10_S_maximumEPSt18_Rb_tree_node_base
FN:807,_ZNSt8_Rb_treeIccSt9_IdentityIcESt4lessIcESaIcEE10_S_maximumEPSt18_Rb_tree_node_base
FNDA:75,_ZNSt8_Rb_treeIccSt9_IdentityIcESt4lessIcESaIcEE10_S_maximumEPSt18_Rb_tree_node_base
FN:807,_ZNSt8_Rb_treeIcSt4pairIKcSt3setImSt4lessImESaImEEESt10_Select1stIS7_ES3_IcESaIS7_EE10_S_maximumEPSt18_Rb_tree_node_base
FNDA:283,_ZNSt8_Rb_treeIcSt4pairIKcSt3setImSt4lessImESaImEEESt10_Select1stIS7_ES3_IcESaIS7_EE10_S_maximumEPSt18_Rb_tree_node_base
FN:887,_ZNSt8_Rb_treeIccSt9_IdentityIcESt4lessIcESaIcEE7_M_copyILb0ENS5_11_Alloc_nodeEEEPSt13_Rb_tree_nodeIcERKS5_RT0_
FNDA:75,_ZNSt8_Rb_treeIccSt9_IdentityIcESt4lessIcESaIcEE7_M_copyILb0ENS5_11_Alloc_nodeEEEPSt13_Rb_tree_nodeIcERKS5_RT0_
FN:887,_ZNSt8_Rb_treeImmSt9_IdentityImESt4lessImESaImEE7_M_copyILb0ENS5_11_Alloc_nodeEEEPSt13_Rb_tree_nodeImERKS5_RT0_
FNDA:402,_ZNSt8_Rb_treeImmSt9_IdentityImESt4lessImESaImEE7_M_copyILb0ENS5_11_Alloc_nodeEEEPSt13_Rb_tree_nodeImERKS5_RT0_
FN:887,_ZNSt8_Rb_treeIcSt4pairIKcSt3setImSt4lessImESaImEEESt10_Select1stIS7_ES3_IcESaIS7_EE7_M_copyILb0ENSC_11_Alloc_nodeEEEPSt13_Rb_tree_nodeIS7_ERKSC_RT0_
FNDA:283,_ZNSt8_Rb_treeIcSt4pairIKcSt3setImSt4lessImESaImEEESt10_Select1stIS7_ES3_IcESaIS7_EE7_M_copyILb0ENSC_11_Alloc_nodeEEEPSt13_Rb_tree_nodeIS7_ERKSC_RT0_
FN:898,_ZNSt8_Rb_treeIcSt4pairIKcSt3setImSt4lessImESaImEEESt10_Select1stIS7_ES3_IcESaIS7_EE7_M_copyERKSC_
FNDA:283,_ZNSt8_Rb_treeIcSt4pairIKcSt3setImSt4lessImESaImEEESt10_Select1stIS7_ES3_IcESaIS7_EE7_M_copyERKSC_
FN:898,_ZNSt8_Rb_treeImmSt9_IdentityImESt4lessImESaImEE7_M_copyERKS5_
FNDA:402,_ZNSt8_Rb_treeImmSt9_IdentityImESt4lessImESaImEE7_M_copyERKS5_
FN:898,_ZNSt8_Rb_treeIccSt9_IdentityIcESt4lessIcESaIcEE7_M_copyERKS5_
FNDA:75,_ZNSt8_Rb_treeIccSt9_IdentityIcESt4lessIcESaIcEE7_M_copyERKS5_
FN:928,_ZNSt8_Rb_treeImmSt9_IdentityImESt4lessImESaImEEC2Ev
FNDA:501,_ZNSt8_Rb_treeImmSt9_IdentityImESt4lessImESaImEEC2Ev
FN:928,_ZNSt8_Rb_treeIcSt4pairIKcSt3setImSt4lessImESaImEEESt10_Select1stIS7_ES3_IcESaIS7_EEC2Ev
FNDA:287,_ZNSt8_Rb_treeIcSt4pairIKcSt3setImSt4lessImESaImEEESt10_Select1stIS7_ES3_IcESaIS7_EEC2Ev
FN:931,_ZNSt8_Rb_treeIccSt9_IdentityIcESt4lessIcESaIcEEC2ERKS3_RKS4_
FNDA:55,_ZNSt8_Rb_treeIccSt9_IdentityIcESt4lessIcESaIcEEC2ERKS3_RKS4_
FN:931,_ZNSt8_Rb_treeImmSt9_IdentityImESt4lessImESaImEEC2ERKS3_RKS4_
FNDA:76,_ZNSt8_Rb_treeImmSt9_IdentityImESt4lessImESaImEEC2ERKS3_RKS4_
FN:935,_ZNSt8_Rb_treeIcSt4pairIKcSt3setImSt4lessImESaImEEESt10_Select1stIS7_ES3_IcESaIS7_EEC2ERKSC_
FNDA:452,_ZNSt8_Rb_treeIcSt4pairIKcSt3setImSt4lessImESaImEEESt10_Select1stIS7_ES3_IcESaIS7_EEC2ERKSC_
FN:935,_ZNSt8_Rb_treeImmSt9_IdentityImESt4lessImESaImEEC2ERKS5_
FNDA:592,_ZNSt8_Rb_treeImmSt9_IdentityImESt4lessImESaImEEC2ERKS5_
FN:935,_ZNSt8_Rb_treeIccSt9_IdentityIcESt4lessIcESaIcEEC2ERKS5_
FNDA:75,_ZNSt8_Rb_treeIccSt9_IdentityIcESt4lessIcESaIcEEC2ERKS5_
FN:954,_ZNSt8_Rb_treeIcSt4pairIKcSt3setImSt4lessImESaImEEESt10_Select1stIS7_ES3_IcESaIS7_EEC2EOSC_
FNDA:152,_ZNSt8_Rb_treeIcSt4pairIKcSt3setImSt4lessImESaImEEESt10_Select1stIS7_ES3_IcESaIS7_EEC2EOSC_
FN:983,_ZNSt8_Rb_treeIcSt4pairIKcSt3setImSt4lessImESaImEEESt10_Select1stIS7_ES3_IcESaIS7_EED2Ev
FNDA:891,_ZNSt8_Rb_treeIcSt4pairIKcSt3setImSt4lessImESaImEEESt10_Select1stIS7_ES3_IcESaIS7_EED2Ev
FN:983,_ZNSt8_Rb_treeIccSt9_IdentityIcESt4lessIcESaIcEED2Ev
FNDA:130,_ZNSt8_Rb_treeIccSt9_IdentityIcESt4lessIcESaIcEED2Ev
FN:983,_ZNSt8_Rb_treeImmSt9_IdentityImESt4lessImESaImEED2Ev
FNDA:1169,_ZNSt8_Rb_treeImmSt9_IdentityImESt4lessImESaImEED2Ev
FN:991,_ZNKSt8_Rb_treeIcSt4pairIKcSt3setImSt4lessImESaImEEESt10_Select1stIS7_ES3_IcESaIS7_EE8key_compEv
FNDA:924,_ZNKSt8_Rb_treeIcSt4pairIKcSt3setImSt4lessImESaImEEESt10_Select1stIS7_ES3_IcESaIS7_EE8key_compEv
FN:995,_ZNSt8_Rb_treeIccSt9_IdentityIcESt4lessIcESaIcEE5beginEv
FNDA:55,_ZNSt8_Rb_treeIccSt9_IdentityIcESt4lessIcESaIcEE5beginEv
FN:995,_ZNSt8_Rb_treeIcSt4pairIKcSt3setImSt4lessImESaImEEESt10_Select1stIS7_ES3_IcESaIS7_EE5beginEv
FNDA:377,_ZNSt8_Rb_treeIcSt4pairIKcSt3setImSt4lessImESaImEEESt10_Select1stIS7_ES3_IcESaIS7_EE5beginEv
FN:995,_ZNSt8_Rb_treeImmSt9_IdentityImESt4lessImESaImEE5beginEv
FNDA:410,_ZNSt8_Rb_treeImmSt9_IdentityImESt4lessImESaImEE5beginEv
FN:999,_ZNKSt8_Rb_treeIccSt9_IdentityIcESt4lessIcESaIcEE5beginEv
FNDA:156,_ZNKSt8_Rb_treeIccSt9_IdentityIcESt4lessIcESaIcEE5beginEv
FN:999,_ZNKSt8_Rb_treeImmSt9_IdentityImESt4lessImESaImEE5beginEv
FNDA:1173,_ZNKSt8_Rb_treeImmSt9_IdentityImESt4lessImESaImEE5beginEv
FN:1003,_ZNSt8_Rb_treeIccSt9_IdentityIcESt4lessIcESaIcEE3endEv
FNDA:183,_ZNSt8_Rb_treeIccSt9_IdentityIcESt4lessIcESaIcEE3endEv
FN:1003,_ZNSt8_Rb_treeImmSt9_IdentityImESt4lessImESaImEE3endEv
FNDA:183,_ZNSt8_Rb_treeImmSt9_IdentityImESt4lessImESaImEE3endEv
FN:1003,_ZNSt8_Rb_treeIcSt4pairIKcSt3setImSt4lessImESaImEEESt10_Select1stIS7_ES3_IcESaIS7_EE3endEv
FNDA:1468,_ZNSt8_Rb_treeIcSt4pairIKcSt3setImSt4lessImESaImEEESt10_Select1stIS7_ES3_IcESaIS7_EE3endEv
FN:1007,_ZNKSt8_Rb_treeImmSt9_IdentityImESt4lessImESaImEE3endEv
FNDA:1150,_ZNKSt8_Rb_treeImmSt9_IdentityImESt4lessImESaImEE3endEv
FN:1007,_ZNKSt8_Rb_treeIccSt9_IdentityIcESt4lessIcESaIcEE3endEv
FNDA:173,_ZNKSt8_Rb_treeIccSt9_IdentityIcESt4lessIcESaIcEE3endEv
FN:1031,_ZNKSt8_Rb_treeIccSt9_IdentityIcESt4lessIcESaIcEE4sizeEv
FNDA:165,_ZNKSt8_Rb_treeIccSt9_IdentityIcESt4lessIcESaIcEE4sizeEv
FN:1031,_ZNKSt8_Rb_treeIcSt4pairIKcSt3setImSt4lessImESaImEEESt10_Select1stIS7_ES3_IcESaIS7_EE4sizeEv
FNDA:426,_ZNKSt8_Rb_treeIcSt4pairIKcSt3setImSt4lessImESaImEEESt10_Select1stIS7_ES3_IcESaIS7_EE4sizeEv
FN:1031,_ZNKSt8_Rb_treeImmSt9_IdentityImESt4lessImESaImEE4sizeEv
FNDA:284,_ZNKSt8_Rb_treeImmSt9_IdentityImESt4lessImESaImEE4sizeEv
FN:1098,_ZNSt8_Rb_treeIccSt9_IdentityIcESt4lessIcESaIcEE22_M_insert_range_uniqueIPKcEENSt9enable_ifIXsrSt7is_sameIcNSt15iterator_traitsIT_E10value_typeEE5valueEvE4typeESC_SC_
FNDA:55,_ZNSt8_Rb_treeIccSt9_IdentityIcESt4lessIcESaIcEE22_M_insert_range_uniqueIPKcEENSt9enable_ifIXsrSt7is_sameIcNSt15iterator_traitsIT_E10value_typeEE5valueEvE4typeESC_SC_
FN:1098,_ZNSt8_Rb_treeImmSt9_IdentityImESt4lessImESaImEE22_M_insert_range_uniqueIPKmEENSt9enable_ifIXsrSt7is_sameImNSt15iterator_traitsIT_E10value_typeEE5valueEvE4typeESC_SC_
FNDA:76,_ZNSt8_Rb_treeImmSt9_IdentityImESt4lessImESaImEE22_M_insert_range_uniqueIPKmEENSt9enable_ifIXsrSt7is_sameImNSt15iterator_traitsIT_E10value_typeEE5valueEvE4typeESC_SC_
FN:1252,_ZNSt8_Rb_treeImmSt9_IdentityImESt4lessImESaImEE5clearEv
FNDA:109,_ZNSt8_Rb_treeImmSt9_IdentityImESt4lessImESaImEE5clearEv
FN:1252,_ZNSt8_Rb_treeIcSt4pairIKcSt3setImSt4lessImESaImEEESt10_Select1stIS7_ES3_IcESaIS7_EE5clearEv
FNDA:40,_ZNSt8_Rb_treeIcSt4pairIKcSt3setImSt4lessImESaImEEESt10_Select1stIS7_ES3_IcESaIS7_EE5clearEv
FN:1269,_ZNSt8_Rb_treeIcSt4pairIKcSt3setImSt4lessImESaImEEESt10_Select1stIS7_ES3_IcESaIS7_EE11lower_boundERS1_
FNDA:1350,_ZNSt8_Rb_treeIcSt4pairIKcSt3setImSt4lessImESaImEEESt10_Select1stIS7_ES3_IcESaIS7_EE11lower_boundERS1_
FN:1419,_ZNSt8_Rb_treeIcSt4pairIKcSt3setImSt4lessImESaImEEESt10_Select1stIS7_ES3_IcESaIS7_EE12_M_move_dataERSC_St17integral_constantIbLb1EE
FNDA:0,_ZNSt8_Rb_treeIcSt4pairIKcSt3setImSt4lessImESaImEEESt10_Select1stIS7_ES3_IcESaIS7_EE12_M_move_dataERSC_St17integral_constantIbLb1EE
FN:1604,_ZSteqRKSt8_Rb_treeImmSt9_IdentityImESt4lessImESaImEES7_
FNDA:23,_ZSteqRKSt8_Rb_treeImmSt9_IdentityImESt4lessImESaImEES7_
FN:1658,_ZNSt8_Rb_treeIcSt4pairIKcSt3setImSt4lessImESaImEEESt10_Select1stIS7_ES3_IcESaIS7_EE14_M_move_assignERSC_St17integral_constantIbLb1EE
FNDA:40,_ZNSt8_Rb_treeIcSt4pairIKcSt3setImSt4lessImESaImEEESt10_Select1stIS7_ES3_IcESaIS7_EE14_M_move_assignERSC_St17integral_constantIbLb1EE
FN:1691,_ZNSt8_Rb_treeIcSt4pairIKcSt3setImSt4lessImESaImEEESt10_Select1stIS7_ES3_IcESaIS7_EEaSEOSC_
FNDA:40,_ZNSt8_Rb_treeIcSt4pairIKcSt3setImSt4lessImESaImEEESt10_Select1stIS7_ES3_IcESaIS7_EEaSEOSC_
FN:1705,_ZNSt8_Rb_treeImmSt9_IdentityImESt4lessImESaImEE16_M_assign_uniqueIPKmEEvT_S9_
FNDA:65,_ZNSt8_Rb_treeImmSt9_IdentityImESt4lessImESaImEE16_M_assign_uniqueIPKmEEvT_S9_
FN:1771,_ZNSt8_Rb_treeImmSt9_IdentityImESt4lessImESaImEE10_M_insert_IRKmNS5_20_Reuse_or_alloc_nodeEEESt17_Rb_tree_iteratorImEPSt18_Rb_tree_node_baseSD_OT_RT0_
FNDA:77,_ZNSt8_Rb_treeImmSt9_IdentityImESt4lessImESaImEE10_M_insert_IRKmNS5_20_Reuse_or_alloc_nodeEEESt17_Rb_tree_iteratorImEPSt18_Rb_tree_node_baseSD_OT_RT0_
FN:1771,_ZNSt8_Rb_treeImmSt9_IdentityImESt4lessImESaImEE10_M_insert_IRKmNS5_11_Alloc_nodeEEESt17_Rb_tree_iteratorImEPSt18_Rb_tree_node_baseSD_OT_RT0_
FNDA:180,_ZNSt8_Rb_treeImmSt9_IdentityImESt4lessImESaImEE10_M_insert_IRKmNS5_11_Alloc_nodeEEESt17_Rb_tree_iteratorImEPSt18_Rb_tree_node_baseSD_OT_RT0_
FN:1771,_ZNSt8_Rb_treeIccSt9_IdentityIcESt4lessIcESaIcEE10_M_insert_IRKcNS5_11_Alloc_nodeEEESt17_Rb_tree_iteratorIcEPSt18_Rb_tree_node_baseSD_OT_RT0_
FNDA:165,_ZNSt8_Rb_treeIccSt9_IdentityIcESt4lessIcESaIcEE10_M_insert_IRKcNS5_11_Alloc_nodeEEESt17_Rb_tree_iteratorIcEPSt18_Rb_tree_node_baseSD_OT_RT0_
FN:1771,_ZNSt8_Rb_treeImmSt9_IdentityImESt4lessImESaImEE10_M_insert_ImNS5_11_Alloc_nodeEEESt17_Rb_tree_iteratorImEPSt18_Rb_tree_node_baseSB_OT_RT0_
FNDA:173,_ZNSt8_Rb_treeImmSt9_IdentityImESt4lessImESaImEE10_M_insert_ImNS5_11_Alloc_nodeEEESt17_Rb_tree_iteratorImEPSt18_Rb_tree_node_baseSB_OT_RT0_
FN:1845,_ZNSt8_Rb_treeIccSt9_IdentityIcESt4lessIcESaIcEE7_M_copyILb0ENS5_11_Alloc_nodeEEEPSt13_Rb_tree_nodeIcESA_PSt18_Rb_tree_node_baseRT0_
FNDA:150,_ZNSt8_Rb_treeIccSt9_IdentityIcESt4lessIcESaIcEE7_M_copyILb0ENS5_11_Alloc_nodeEEEPSt13_Rb_tree_nodeIcESA_PSt18_Rb_tree_node_baseRT0_
FN:1845,_ZNSt8_Rb_treeImmSt9_IdentityImESt4lessImESaImEE7_M_copyILb0ENS5_11_Alloc_nodeEEEPSt13_Rb_tree_nodeImESA_PSt18_Rb_tree_node_baseRT0_
FNDA:449,_ZNSt8_Rb_treeImmSt9_IdentityImESt4lessImESaImEE7_M_copyILb0ENS5_11_Alloc_nodeEEEPSt13_Rb_tree_nodeImESA_PSt18_Rb_tree_node_baseRT0_
FN:1845,_ZNSt8_Rb_treeIcSt4pairIKcSt3setImSt4lessImESaImEEESt10_Select1stIS7_ES3_IcESaIS7_EE7_M_copyILb0ENSC_11_Alloc_nodeEEEPSt13_Rb_tree_nodeIS7_ESH_PSt18_Rb_tree_node_baseRT0_
FNDA:410,_ZNSt8_Rb_treeIcSt4pairIKcSt3setImSt4lessImESaImEEESt10_Select1stIS7_ES3_IcESaIS7_EE7_M_copyILb0ENSC_11_Alloc_nodeEEEPSt13_Rb_tree_nodeIS7_ESH_PSt18_Rb_tree_node_baseRT0_
FN:1883,_ZNSt8_Rb_treeIccSt9_IdentityIcESt4lessIcESaIcEE8_M_eraseEPSt13_Rb_tree_nodeIcE
FNDA:520,_ZNSt8_Rb_treeIccSt9_IdentityIcESt4lessIcESaIcEE8_M_eraseEPSt13_Rb_tree_nodeIcE
FN:1883,_ZNSt8_Rb_treeIcSt4pairIKcSt3setImSt4lessImESaImEEESt10_Select1stIS7_ES3_IcESaIS7_EE8_M_eraseEPSt13_Rb_tree_nodeIS7_E
FNDA:1911,_ZNSt8_Rb_treeIcSt4pairIKcSt3setImSt4lessImESaImEEESt10_Select1stIS7_ES3_IcESaIS7_EE8_M_eraseEPSt13_Rb_tree_nodeIS7_E
FN:1883,_ZNSt8_Rb_treeImmSt9_IdentityImESt4lessImESaImEE8_M_eraseEPSt13_Rb_tree_nodeImE
FNDA:2240,_ZNSt8_Rb_treeImmSt9_IdentityImESt4lessImESaImEE8_M_eraseEPSt13_Rb_tree_nodeImE
FN:1900,_ZNSt8_Rb_treeIcSt4pairIKcSt3setImSt4lessImESaImEEESt10_Select1stIS7_ES3_IcESaIS7_EE14_M_lower_boundEPSt13_Rb_tree_nodeIS7_EPSt18_Rb_tree_node_baseRS1_
FNDA:1350,_ZNSt8_Rb_treeIcSt4pairIKcSt3setImSt4lessImESaImEEESt10_Select1stIS7_ES3_IcESaIS7_EE14_M_lower_boundEPSt13_Rb_tree_nodeIS7_EPSt18_Rb_tree_node_baseRS1_
FN:1900,_ZNSt8_Rb_treeImmSt9_IdentityImESt4lessImESaImEE14_M_lower_boundEPSt13_Rb_tree_nodeImEPSt18_Rb_tree_node_baseRKm
FNDA:1,_ZNSt8_Rb_treeImmSt9_IdentityImESt4lessImESaImEE14_M_lower_boundEPSt13_Rb_tree_nodeImEPSt18_Rb_tree_node_baseRKm
FN:1900,_ZNSt8_Rb_treeIccSt9_IdentityIcESt4lessIcESaIcEE14_M_lower_boundEPSt13_Rb_tree_nodeIcEPSt18_Rb_tree_node_baseRKc
FNDA:17,_ZNSt8_Rb_treeIccSt9_IdentityIcESt4lessIcESaIcEE14_M_lower_boundEPSt13_Rb_tree_nodeIcEPSt18_Rb_tree_node_baseRKc
FN:1932,_ZNSt8_Rb_treeImmSt9_IdentityImESt4lessImESaImEE14_M_upper_boundEPSt13_Rb_tree_nodeImEPSt18_Rb_tree_node_baseRKm
FNDA:1,_ZNSt8_Rb_treeImmSt9_IdentityImESt4lessImESaImEE14_M_upper_boundEPSt13_Rb_tree_nodeImEPSt18_Rb_tree_node_baseRKm
FN:1966,_ZNSt8_Rb_treeImmSt9_IdentityImESt4lessImESaImEE11equal_rangeERKm
FNDA:40,_ZNSt8_Rb_treeImmSt9_IdentityImESt4lessImESaImEE11equal_rangeERKm
FN:2061,_ZNSt8_Rb_treeImmSt9_IdentityImESt4lessImESaImEE24_M_get_insert_unique_posERKm
FNDA:430,_ZNSt8_Rb_treeImmSt9_IdentityImESt4lessImESaImEE24_M_get_insert_unique_posERKm
FN:2061,_ZNSt8_Rb_treeIccSt9_IdentityIcESt4lessIcESaIcEE24_M_get_insert_unique_posERKc
FNDA:55,_ZNSt8_Rb_treeIccSt9_IdentityIcESt4lessIcESaIcEE24_M_get_insert_unique_posERKc
FN:2061,_ZNSt8_Rb_treeIcSt4pairIKcSt3setImSt4lessImESaImEEESt10_Select1stIS7_ES3_IcESaIS7_EE24_M_get_insert_unique_posERS1_
FNDA:259,_ZNSt8_Rb_treeIcSt4pairIKcSt3setImSt4lessImESaImEEESt10_Select1stIS7_ES3_IcESaIS7_EE24_M_get_insert_unique_posERS1_
FN:2115,_ZNSt8_Rb_treeImmSt9_IdentityImESt4lessImESaImEE16_M_insert_uniqueIRKmEESt4pairISt17_Rb_tree_iteratorImEbEOT_
FNDA:116,_ZNSt8_Rb_treeImmSt9_IdentityImESt4lessImESaImEE16_M_insert_uniqueIRKmEESt4pairISt17_Rb_tree_iteratorImEbEOT_
FN:2115,_ZNSt8_Rb_treeImmSt9_IdentityImESt4lessImESaImEE16_M_insert_uniqueImEESt4pairISt17_Rb_tree_iteratorImEbEOT_
FNDA:173,_ZNSt8_Rb_treeImmSt9_IdentityImESt4lessImESaImEE16_M_insert_uniqueImEESt4pairISt17_Rb_tree_iteratorImEbEOT_
FN:2163,_ZNSt8_Rb_treeIcSt4pairIKcSt3setImSt4lessImESaImEEESt10_Select1stIS7_ES3_IcESaIS7_EE29_M_get_insert_hint_unique_posESt23_Rb_tree_const_iteratorIS7_ERS1_
FNDA:499,_ZNSt8_Rb_treeIcSt4pairIKcSt3setImSt4lessImESaImEEESt10_Select1stIS7_ES3_IcESaIS7_EE29_M_get_insert_hint_unique_posESt23_Rb_tree_const_iteratorIS7_ERS1_
FN:2163,_ZNSt8_Rb_treeIccSt9_IdentityIcESt4lessIcESaIcEE29_M_get_insert_hint_unique_posESt23_Rb_tree_const_iteratorIcERKc
FNDA:165,_ZNSt8_Rb_treeIccSt9_IdentityIcESt4lessIcESaIcEE29_M_get_insert_hint_unique_posESt23_Rb_tree_const_iteratorIcERKc
FN:2163,_ZNSt8_Rb_treeImmSt9_IdentityImESt4lessImESaImEE29_M_get_insert_hint_unique_posESt23_Rb_tree_const_iteratorImERKm
FNDA:158,_ZNSt8_Rb_treeImmSt9_IdentityImESt4lessImESaImEE29_M_get_insert_hint_unique_posESt23_Rb_tree_const_iteratorImERKm
FN:2224,_ZNSt8_Rb_treeImmSt9_IdentityImESt4lessImESaImEE17_M_insert_unique_IRKmNS5_20_Reuse_or_alloc_nodeEEESt17_Rb_tree_iteratorImESt23_Rb_tree_const_iteratorImEOT_RT0_
FNDA:77,_ZNSt8_Rb_treeImmSt9_IdentityImESt4lessImESaImEE17_M_insert_unique_IRKmNS5_20_Reuse_or_alloc_nodeEEESt17_Rb_tree_iteratorImESt23_Rb_tree_const_iteratorImEOT_RT0_
FN:2224,_ZNSt8_Rb_treeImmSt9_IdentityImESt4lessImESaImEE17_M_insert_unique_IRKmNS5_11_Alloc_nodeEEESt17_Rb_tree_iteratorImESt23_Rb_tree_const_iteratorImEOT_RT0_
FNDA:81,_ZNSt8_Rb_treeImmSt9_IdentityImESt4lessImESaImEE17_M_insert_unique_IRKmNS5_11_Alloc_nodeEEESt17_Rb_tree_iteratorImESt23_Rb_tree_const_iteratorImEOT_RT0_
FN:2224,_ZNSt8_Rb_treeIccSt9_IdentityIcESt4lessIcESaIcEE17_M_insert_unique_IRKcNS5_11_Alloc_nodeEEESt17_Rb_tree_iteratorIcESt23_Rb_tree_const_iteratorIcEOT_RT0_
FNDA:165,_ZNSt8_Rb_treeIccSt9_IdentityIcESt4lessIcESaIcEE17_M_insert_unique_IRKcNS5_11_Alloc_nodeEEESt17_Rb_tree_iteratorIcESt23_Rb_tree_const_iteratorIcEOT_RT0_
FN:2330,_ZNSt8_Rb_treeIcSt4pairIKcSt3setImSt4lessImESaImEEESt10_Select1stIS7_ES3_IcESaIS7_EE14_M_insert_nodeEPSt18_Rb_tree_node_baseSE_PSt13_Rb_tree_nodeIS7_E
FNDA:499,_ZNSt8_Rb_treeIcSt4pairIKcSt3setImSt4lessImESaImEEESt10_Select1stIS7_ES3_IcESaIS7_EE14_M_insert_nodeEPSt18_Rb_tree_node_baseSE_PSt13_Rb_tree_nodeIS7_E
FN:2428,_ZNSt8_Rb_treeIcSt4pairIKcSt3setImSt4lessImESaImEEESt10_Select1stIS7_ES3_IcESaIS7_EE22_M_emplace_hint_uniqueIJRKSt21piecewise_construct_tSt5tupleIJRS1_EESH_IJEEEEESt17_Rb_tree_iteratorIS7_ESt23_Rb_tree_const_iteratorIS7_EDpOT_
FNDA:407,_ZNSt8_Rb_treeIcSt4pairIKcSt3setImSt4lessImESaImEEESt10_Select1stIS7_ES3_IcESaIS7_EE22_M_emplace_hint_uniqueIJRKSt21piecewise_construct_tSt5tupleIJRS1_EESH_IJEEEEESt17_Rb_tree_iteratorIS7_ESt23_Rb_tree_const_iteratorIS7_EDpOT_
FN:2428,_ZNSt8_Rb_treeIcSt4pairIKcSt3setImSt4lessImESaImEEESt10_Select1stIS7_ES3_IcESaIS7_EE22_M_emplace_hint_uniqueIJRKSt21piecewise_construct_tSt5tupleIJOcEESH_IJEEEEESt17_Rb_tree_iteratorIS7_ESt23_Rb_tree_const_iteratorIS7_EDpOT_
FNDA:92,_ZNSt8_Rb_treeIcSt4pairIKcSt3setImSt4lessImESaImEEESt10_Select1stIS7_ES3_IcESaIS7_EE22_M_emplace_hint_uniqueIJRKSt21piecewise_construct_tSt5tupleIJOcEESH_IJEEEEESt17_Rb_tree_iteratorIS7_ESt23_Rb_tree_const_iteratorIS7_EDpOT_
FN:2480,_ZNSt8_Rb_treeImmSt9_IdentityImESt4lessImESaImEE12_M_erase_auxESt23_Rb_tree_const_iteratorImE
FNDA:1,_ZNSt8_Rb_treeImmSt9_IdentityImESt4lessImESaImEE12_M_erase_auxESt23_Rb_tree_const_iteratorImE
FN:2494,_ZNSt8_Rb_treeImmSt9_IdentityImESt4lessImESaImEE12_M_erase_auxESt23_Rb_tree_const_iteratorImES7_
FNDA:40,_ZNSt8_Rb_treeImmSt9_IdentityImESt4lessImESaImEE12_M_erase_auxESt23_Rb_tree_const_iteratorImES7_
FN:2507,_ZNSt8_Rb_treeImmSt9_IdentityImESt4lessImESaImEE5eraseERKm
FNDA:40,_ZNSt8_Rb_treeImmSt9_IdentityImESt4lessImESaImEE5eraseERKm
FN:2520,_ZNSt8_Rb_treeIccSt9_IdentityIcESt4lessIcESaIcEE4findERKc
FNDA:17,_ZNSt8_Rb_treeIccSt9_IdentityIcESt4lessIcESaIcEE4findERKc
DA:112,760
DA:114,918
DA:115,760
DA:126,760
DA:128,1009
DA:129,760
DA:146,501
DA:150,501
DA:146,287
DA:150,287
DA:152,668
DA:154,668
DA:152,582
DA:154,582
DA:160,152
DA:163,152
DA:173,2038
DA:174,2038
DA:175,2038
DA:176,2038
DA:177,2038
DA:180,152
DA:181,152
DA:182,152
DA:183,111
DA:186,41
DA:187,41
DA:189,152
DA:193,111
DA:195,111
DA:196,111
DA:197,111
DA:198,111
DA:199,111
DA:200,111
DA:202,111
DA:203,111
DA:206,2404
DA:208,2404
DA:209,2404
DA:210,2404
DA:211,2404
DA:212,2404
DA:234,2264
DA:235,2264
DA:234,1005
DA:235,1005
DA:234,4801
DA:235,4801
DA:238,3343
DA:239,3343
DA:238,738
DA:239,738
DA:238,1016
DA:239,1016
DA:273,640
DA:274,640
DA:273,1708
DA:274,1708
DA:273,4452
DA:274,4452
DA:277,2360
DA:278,2360
DA:285,0
DA:287,0
DA:288,0
DA:285,0
DA:287,0
DA:288,0
DA:285,86
DA:287,86
DA:288,86
DA:300,0
DA:302,0
DA:303,0
DA:300,3
DA:302,3
DA:303,3
DA:300,29
DA:302,29
DA:303,29
DA:315,370
DA:316,370
DA:315,72
DA:316,72
DA:315,1609
DA:316,1609
DA:320,204
DA:321,204
DA:347,329
DA:348,329
DA:347,2323
DA:348,2323
DA:350,592
DA:351,592
DA:350,182
DA:351,182
DA:350,499
DA:351,499
DA:354,158
DA:355,158
DA:354,165
DA:355,165
DA:354,499
DA:355,499
DA:358,468
DA:359,468
DA:358,679
DA:359,679
DA:366,468
DA:368,468
DA:369,468
DA:366,666
DA:368,666
DA:369,666
DA:373,1
DA:375,1
DA:376,1
DA:377,1
DA:396,65
DA:397,65
DA:396,17
DA:397,17
DA:401,624
DA:402,624
DA:401,1829
DA:402,1829
DA:443,65
DA:444,65
DA:446,65
DA:448,0
DA:450,0
DA:451,0
DA:454,65
DA:455,65
DA:461,65
DA:462,65
DA:466,77
DA:468,77
DA:469,77
DA:471,0
DA:472,0
DA:473,0
DA:476,77
DA:481,77
DA:483,77
DA:484,77
DA:486,0
DA:487,0
DA:488,0
DA:490,0
DA:492,0
DA:494,0
DA:496,0
DA:498,0
DA:499,0
DA:501,0
DA:502,0
DA:506,0
DA:509,0
DA:511,0
DA:523,283
DA:524,283
DA:523,750
DA:524,750
DA:523,130
DA:524,130
DA:528,481
DA:529,481
DA:528,390
DA:529,390
DA:528,648
DA:529,648
DA:528,173
DA:529,173
DA:547,3592
DA:548,3592
DA:547,1560
DA:548,1560
DA:547,4000
DA:548,4000
DA:560,390
DA:561,390
DA:560,898
DA:561,898
DA:560,980
DA:561,980
DA:564,898
DA:565,898
DA:564,390
DA:565,390
DA:564,980
DA:565,980
DA:590,481
DA:594,481
DA:595,481
DA:599,0
DA:601,0
DA:602,0
DA:603,0
DA:605,481
DA:590,390
DA:594,390
DA:595,390
DA:605,390
DA:590,173
DA:594,173
DA:595,173
DA:605,173
DA:590,725
DA:594,725
DA:595,725
DA:605,725
DA:590,92
DA:594,92
DA:595,92
DA:599,0
DA:601,0
DA:602,0
DA:603,0
DA:605,92
DA:590,407
DA:594,407
DA:595,407
DA:599,0
DA:601,0
DA:602,0
DA:603,0
DA:605,407
DA:609,481
DA:611,481
DA:612,481
DA:613,481
DA:609,390
DA:611,390
DA:612,390
DA:613,390
DA:609,725
DA:611,725
DA:612,725
DA:613,725
DA:609,173
DA:611,173
DA:612,173
DA:613,173
DA:609,92
DA:611,92
DA:612,92
DA:613,92
DA:609,407
DA:611,407
DA:612,407
DA:613,407
DA:618,898
DA:623,898
DA:624,898
DA:626,898
DA:618,390
DA:623,390
DA:624,390
DA:626,390
DA:618,980
DA:623,980
DA:624,980
DA:626,980
DA:629,898
DA:631,898
DA:632,898
DA:633,898
DA:629,390
DA:631,390
DA:632,390
DA:633,390
DA:629,980
DA:631,980
DA:632,980
DA:633,980
DA:637,225
DA:645,225
DA:646,225
DA:647,225
DA:648,225
DA:649,225
DA:637,468
DA:645,468
DA:646,468
DA:647,468
DA:648,468
DA:649,468
DA:637,481
DA:645,481
DA:646,481
DA:647,481
DA:648,481
DA:649,481
DA:667,501
DA:671,501
DA:672,501
DA:667,287
DA:671,287
DA:672,287
DA:674,75
DA:676,75
DA:677,75
DA:678,75
DA:674,592
DA:676,592
DA:677,592
DA:678,592
DA:674,452
DA:676,452
DA:677,452
DA:678,452
DA:685,152
DA:700,76
DA:701,76
DA:702,76
DA:700,55
DA:701,55
DA:702,55
DA:710,75
DA:711,75
DA:710,467
DA:711,467
DA:710,323
DA:711,323
DA:714,75
DA:715,75
DA:714,592
DA:715,592
DA:714,452
DA:715,452
DA:718,75
DA:719,75
DA:718,402
DA:719,402
DA:718,444
DA:719,444
DA:726,295
DA:727,295
DA:726,501
DA:727,501
DA:726,617
DA:727,617
DA:734,2150
DA:735,2150
DA:734,277
DA:735,277
DA:734,2823
DA:735,2823
DA:738,1748
DA:739,1748
DA:738,202
DA:739,202
DA:738,2540
DA:739,2540
DA:749,1460
DA:750,1460
DA:749,2827
DA:750,2827
DA:749,477
DA:750,477
DA:757,270
DA:775,270
DA:757,337
DA:775,337
DA:757,3343
DA:775,3343
DA:779,1422
DA:780,1422
DA:779,636
DA:780,636
DA:779,2905
DA:780,2905
DA:787,1030
DA:788,1030
DA:787,478
DA:788,478
DA:787,1913
DA:788,1913
DA:795,147
DA:796,147
DA:795,446
DA:796,446
DA:795,236
DA:796,236
DA:799,75
DA:800,75
DA:799,402
DA:800,402
DA:799,283
DA:800,283
DA:807,75
DA:808,75
DA:807,402
DA:808,402
DA:807,283
DA:808,283
DA:887,75
DA:890,75
DA:891,75
DA:892,75
DA:893,75
DA:894,75
DA:887,402
DA:890,402
DA:891,402
DA:892,402
DA:893,402
DA:894,402
DA:887,283
DA:890,283
DA:891,283
DA:892,283
DA:893,283
DA:894,283
DA:898,75
DA:900,75
DA:901,150
DA:898,402
DA:900,402
DA:901,804
DA:898,283
DA:900,283
DA:901,566
DA:928,501
DA:928,287
DA:931,76
DA:933,76
DA:931,55
DA:933,55
DA:935,75
DA:936,75
DA:938,75
DA:939,75
DA:940,75
DA:935,592
DA:936,592
DA:938,592
DA:939,402
DA:940,592
DA:935,452
DA:936,452
DA:938,452
DA:939,283
DA:940,452
DA:954,152
DA:983,1169
DA:984,1169
DA:983,130
DA:984,130
DA:983,891
DA:984,891
DA:991,924
DA:992,924
DA:995,55
DA:996,55
DA:995,410
DA:996,410
DA:995,377
DA:996,377
DA:999,156
DA:1000,156
DA:999,1173
DA:1000,1173
DA:1003,183
DA:1004,183
DA:1003,183
DA:1004,183
DA:1003,1468
DA:1004,1468
DA:1007,173
DA:1008,173
DA:1007,1150
DA:1008,1150
DA:1031,165
DA:1032,165
DA:1031,426
DA:1032,426
DA:1031,284
DA:1032,284
DA:1098,76
DA:1100,76
DA:1101,157
DA:1102,81
DA:1103,76
DA:1098,55
DA:1100,55
DA:1101,220
DA:1102,165
DA:1103,55
DA:1252,40
DA:1254,40
DA:1255,40
DA:1256,40
DA:1252,109
DA:1254,109
DA:1255,109
DA:1256,109
DA:1269,1350
DA:1270,1350
DA:1419,0
DA:1420,0
DA:1604,23
DA:1606,23
DA:1607,23
DA:1658,40
DA:1661,40
DA:1662,40
DA:1663,0
DA:1664,40
DA:1665,40
DA:1666,40
DA:1691,40
DA:1696,40
DA:1697,40
DA:1698,40
DA:1705,65
DA:1708,65
DA:1709,65
DA:1710,142
DA:1711,77
DA:1712,65
DA:1771,77
DA:1780,77
DA:1781,154
DA:1784,77
DA:1786,77
DA:1787,77
DA:1788,77
DA:1789,77
DA:1771,165
DA:1780,165
DA:1781,330
DA:1784,165
DA:1786,165
DA:1787,165
DA:1788,165
DA:1789,165
DA:1771,180
DA:1780,180
DA:1781,360
DA:1784,180
DA:1786,180
DA:1787,180
DA:1788,180
DA:1789,180
DA:1771,173
DA:1780,173
DA:1781,346
DA:1784,173
DA:1786,173
DA:1787,173
DA:1788,173
DA:1789,173
DA:1845,150
DA:1849,150
DA:1850,150
DA:1854,150
DA:1855,75
DA:1856,75
DA:1857,150
DA:1858,150
DA:1860,225
DA:1862,75
DA:1863,75
DA:1864,75
DA:1865,75
DA:1866,0
DA:1868,75
DA:1869,75
DA:1872,0
DA:1874,0
DA:1875,0
DA:1877,150
DA:1845,449
DA:1849,449
DA:1850,449
DA:1854,449
DA:1855,47
DA:1856,47
DA:1857,449
DA:1858,449
DA:1860,468
DA:1862,19
DA:1863,19
DA:1864,19
DA:1865,19
DA:1866,0
DA:1868,19
DA:1869,19
DA:1872,0
DA:1874,0
DA:1875,0
DA:1877,449
DA:1845,410
DA:1849,410
DA:1850,410
DA:1854,410
DA:1855,127
DA:1856,127
DA:1857,410
DA:1858,410
DA:1860,481
DA:1862,71
DA:1863,71
DA:1864,71
DA:1865,71
DA:1866,0
DA:1868,71
DA:1869,71
DA:1872,0
DA:1874,0
DA:1875,0
DA:1877,410
DA:1883,2240
DA:1887,3137
DA:1889,897
DA:1890,897
DA:1891,897
DA:1892,897
DA:1894,2240
DA:1883,520
DA:1887,910
DA:1889,390
DA:1890,390
DA:1891,390
DA:1892,390
DA:1894,520
DA:1883,1911
DA:1887,2891
DA:1889,980
DA:1890,980
DA:1891,980
DA:1892,980
DA:1894,1911
DA:1900,1
DA:1904,1
DA:1905,0
DA:1906,0
DA:1908,0
DA:1909,1
DA:1900,1350
DA:1904,3571
DA:1905,2221
DA:1906,1444
DA:1908,777
DA:1909,1350
DA:1900,17
DA:1904,51
DA:1905,34
DA:1906,21
DA:1908,13
DA:1909,17
DA:1932,1
DA:1936,1
DA:1937,0
DA:1938,0
DA:1940,0
DA:1941,1
DA:1966,40
DA:1969,40
DA:1970,40
DA:1971,105
DA:1973,66
DA:1974,18
DA:1975,48
DA:1976,47
DA:1979,1
DA:1980,1
DA:1981,1
DA:1982,1
DA:1983,1
DA:1984,1
DA:1985,2
DA:1988,39
DA:1989,78
DA:2061,55
DA:2065,55
DA:2066,55
DA:2067,55
DA:2068,55
DA:2070,0
DA:2071,0
DA:2072,0
DA:2074,55
DA:2075,55
DA:2077,55
DA:2078,55
DA:2080,0
DA:2082,0
DA:2083,0
DA:2084,0
DA:2061,259
DA:2065,259
DA:2066,259
DA:2067,259
DA:2068,259
DA:2070,0
DA:2071,0
DA:2072,0
DA:2074,259
DA:2075,259
DA:2077,259
DA:2078,259
DA:2080,0
DA:2082,0
DA:2083,0
DA:2084,0
DA:2061,430
DA:2065,430
DA:2066,430
DA:2067,430
DA:2068,506
DA:2070,76
DA:2071,76
DA:2072,76
DA:2074,430
DA:2075,430
DA:2077,370
DA:2078,367
DA:2080,3
DA:2082,63
DA:2083,46
DA:2084,17
DA:2115,116
DA:2124,116
DA:2126,116
DA:2128,99
DA:2129,99
DA:2131,99
DA:2134,17
DA:2115,173
DA:2124,173
DA:2126,173
DA:2128,173
DA:2129,173
DA:2131,173
DA:2134,0
DA:2163,158
DA:2167,158
DA:2171,158
DA:2173,158
DA:2174,158
DA:2175,17
DA:2177,141
DA:2179,0
DA:2182,0
DA:2183,0
DA:2184,0
DA:2185,0
DA:2187,0
DA:2188,0
DA:2190,0
DA:2193,0
DA:2195,0
DA:2198,0
DA:2199,0
DA:2200,0
DA:2201,0
DA:2203,0
DA:2204,0
DA:2206,0
DA:2209,0
DA:2213,0
DA:2163,165
DA:2167,165
DA:2171,165
DA:2173,165
DA:2174,165
DA:2175,110
DA:2177,55
DA:2179,0
DA:2182,0
DA:2183,0
DA:2184,0
DA:2185,0
DA:2187,0
DA:2188,0
DA:2190,0
DA:2193,0
DA:2195,0
DA:2198,0
DA:2199,0
DA:2200,0
DA:2201,0
DA:2203,0
DA:2204,0
DA:2206,0
DA:2209,0
DA:2213,0
DA:2163,499
DA:2167,499
DA:2171,499
DA:2173,426
DA:2174,426
DA:2175,167
DA:2177,259
DA:2179,73
DA:2182,73
DA:2183,73
DA:2184,44
DA:2185,29
DA:2187,29
DA:2188,10
DA:2190,19
DA:2193,0
DA:2195,0
DA:2198,0
DA:2199,0
DA:2200,0
DA:2201,0
DA:2203,0
DA:2204,0
DA:2206,0
DA:2209,0
DA:2213,0
DA:2224,77
DA:2234,77
DA:2236,77
DA:2237,77
DA:2239,77
DA:2240,0
DA:2224,81
DA:2234,81
DA:2236,81
DA:2237,81
DA:2239,81
DA:2240,0
DA:2224,165
DA:2234,165
DA:2236,165
DA:2237,165
DA:2239,165
DA:2240,0
DA:2330,499
DA:2333,436
DA:2334,935
DA:2337,499
DA:2338,499
DA:2339,499
DA:2340,499
DA:2428,92
DA:2431,92
DA:2435,92
DA:2437,92
DA:2438,92
DA:2440,0
DA:2441,0
DA:2443,0
DA:2445,0
DA:2446,0
DA:2428,407
DA:2431,407
DA:2435,407
DA:2437,407
DA:2438,407
DA:2440,0
DA:2441,0
DA:2443,0
DA:2445,0
DA:2446,0
DA:2480,1
DA:2485,1
DA:2486,1
DA:2487,1
DA:2488,1
DA:2489,1
DA:2494,40
DA:2497,40
DA:2498,0
DA:2500,41
DA:2501,1
DA:2502,40
DA:2507,40
DA:2510,40
DA:2511,40
DA:2512,40
DA:2513,40
DA:2520,17
DA:2523,17
DA:2524,34
DA:2525,16
DA:2526,50
end_of_record
SF:/usr/include/c++/11/bits/stl_vector.h
FN:97,_ZNSt12_Vector_baseImSaImEE17_Vector_impl_dataC2Ev
FNDA:126,_ZNSt12_Vector_baseImSaImEE17_Vector_impl_dataC2Ev
FN:97,_ZNSt12_Vector_baseI5StateSaIS0_EE17_Vector_impl_dataC2Ev
FNDA:130,_ZNSt12_Vector_baseI5StateSaIS0_EE17_Vector_impl_dataC2Ev
FN:97,_ZNSt12_Vector_baseIiSaIiEE17_Vector_impl_dataC2Ev
FNDA:29,_ZNSt12_Vector_baseIiSaIiEE17_Vector_impl_dataC2Ev
FN:97,_ZNSt12_Vector_baseIcSaIcEE17_Vector_impl_dataC2Ev
FNDA:16,_ZNSt12_Vector_baseIcSaIcEE17_Vector_impl_dataC2Ev
FN:97,_ZNSt12_Vector_baseISt6vectorImSaImEESaIS2_EE17_Vector_impl_dataC2Ev
FNDA:1,_ZNSt12_Vector_baseISt6vectorImSaImEESaIS2_EE17_Vector_impl_dataC2Ev
FN:102,_ZNSt12_Vector_baseImSaImEE17_Vector_impl_dataC2EOS2_
FNDA:0,_ZNSt12_Vector_baseImSaImEE17_Vector_impl_dataC2EOS2_
FN:131,_ZNSt12_Vector_baseI5StateSaIS0_EE12_Vector_implC2Ev
FNDA:2,_ZNSt12_Vector_baseI5StateSaIS0_EE12_Vector_implC2Ev
FN:131,_ZNSt12_Vector_baseISt6vectorImSaImEESaIS2_EE12_Vector_implC2Ev
FNDA:1,_ZNSt12_Vector_baseISt6vectorImSaImEESaIS2_EE12_Vector_implC2Ev
FN:131,_ZNSt12_Vector_baseImSaImEE12_Vector_implC2Ev
FNDA:126,_ZNSt12_Vector_baseImSaImEE12_Vector_implC2Ev
FN:136,_ZNSt12_Vector_baseIcSaIcEE12_Vector_implC2ERKS0_
FNDA:16,_ZNSt12_Vector_baseIcSaIcEE12_Vector_implC2ERKS0_
FN:136,_ZNSt12_Vector_baseIiSaIiEE12_Vector_implC2ERKS0_
FNDA:29,_ZNSt12_Vector_baseIiSaIiEE12_Vector_implC2ERKS0_
FN:136,_ZNSt12_Vector_baseI5StateSaIS0_EE12_Vector_implC2ERKS1_
FNDA:128,_ZNSt12_Vector_baseI5StateSaIS0_EE12_Vector_implC2ERKS1_
FN:143,_ZNSt12_Vector_baseImSaImEE12_Vector_implC2EOS2_
FNDA:0,_ZNSt12_Vector_baseImSaImEE12_Vector_implC2EOS2_
FN:276,_ZNSt12_Vector_baseISt6vectorImSaImEESaIS2_EE19_M_get_Tp_allocatorEv
FNDA:37,_ZNSt12_Vector_baseISt6vectorImSaImEESaIS2_EE19_M_get_Tp_allocatorEv
FN:276,_ZNSt12_Vector_baseIiSaIiEE19_M_get_Tp_allocatorEv
FNDA:58,_ZNSt12_Vector_baseIiSaIiEE19_M_get_Tp_allocatorEv
FN:276,_ZNSt12_Vector_baseImSaImEE19_M_get_Tp_allocatorEv
FNDA:184,_ZNSt12_Vector_baseImSaImEE19_M_get_Tp_allocatorEv
FN:276,_ZNSt12_Vector_baseI5StateSaIS0_EE19_M_get_Tp_allocatorEv
FNDA:338,_ZNSt12_Vector_baseI5StateSaIS0_EE19_M_get_Tp_allocatorEv
FN:276,_ZNSt12_Vector_baseIcSaIcEE19_M_get_Tp_allocatorEv
FNDA:32,_ZNSt12_Vector_baseIcSaIcEE19_M_get_Tp_allocatorEv
FN:280,_ZNKSt12_Vector_baseI5StateSaIS0_EE19_M_get_Tp_allocatorEv
FNDA:235,_ZNKSt12_Vector_baseI5StateSaIS0_EE19_M_get_Tp_allocatorEv
FN:280,_ZNKSt12_Vector_baseISt6vectorImSaImEESaIS2_EE19_M_get_Tp_allocatorEv
FNDA:42,_ZNKSt12_Vector_baseISt6vectorImSaImEESaIS2_EE19_M_get_Tp_allocatorEv
FN:280,_ZNKSt12_Vector_baseImSaImEE19_M_get_Tp_allocatorEv
FNDA:58,_ZNKSt12_Vector_baseImSaImEE19_M_get_Tp_allocatorEv
FN:288,_ZNSt12_Vector_baseI5StateSaIS0_EEC2Ev
FNDA:2,_ZNSt12_Vector_baseI5StateSaIS0_EEC2Ev
FN:288,_ZNSt12_Vector_baseImSaImEEC2Ev
FNDA:126,_ZNSt12_Vector_baseImSaImEEC2Ev
FN:288,_ZNSt12_Vector_baseISt6vectorImSaImEESaIS2_EEC2Ev
FNDA:1,_ZNSt12_Vector_baseISt6vectorImSaImEESaIS2_EEC2Ev
FN:303,_ZNSt12_Vector_baseIcSaIcEEC2EmRKS0_
FNDA:16,_ZNSt12_Vector_baseIcSaIcEEC2EmRKS0_
FN:303,_ZNSt12_Vector_baseI5StateSaIS0_EEC2EmRKS1_
FNDA:128,_ZNSt12_Vector_baseI5StateSaIS0_EEC2EmRKS1_
FN:303,_ZNSt12_Vector_baseIiSaIiEEC2EmRKS0_
FNDA:29,_ZNSt12_Vector_baseIiSaIiEEC2EmRKS0_
FN:308,_ZNSt12_Vector_baseImSaImEEC2EOS1_
FNDA:0,_ZNSt12_Vector_baseImSaImEEC2EOS1_
FN:333,_ZNSt12_Vector_baseI5StateSaIS0_EED2Ev
FNDA:130,_ZNSt12_Vector_baseI5StateSaIS0_EED2Ev
FN:333,_ZNSt12_Vector_baseISt6vectorImSaImEESaIS2_EED2Ev
FNDA:1,_ZNSt12_Vector_baseISt6vectorImSaImEESaIS2_EED2Ev
FN:333,_ZNSt12_Vector_baseImSaImEED2Ev
FNDA:126,_ZNSt12_Vector_baseImSaImEED2Ev
FN:333,_ZNSt12_Vector_baseIcSaIcEED2Ev
FNDA:16,_ZNSt12_Vector_baseIcSaIcEED2Ev
FN:333,_ZNSt12_Vector_baseIiSaIiEED2Ev
FNDA:29,_ZNSt12_Vector_baseIiSaIiEED2Ev
FN:343,_ZNSt12_Vector_baseIcSaIcEE11_M_allocateEm
FNDA:16,_ZNSt12_Vector_baseIcSaIcEE11_M_allocateEm
FN:343,_ZNSt12_Vector_baseI5StateSaIS0_EE11_M_allocateEm
FNDA:167,_ZNSt12_Vector_baseI5StateSaIS0_EE11_M_allocateEm
FN:343,_ZNSt12_Vector_baseISt6vectorImSaImEESaIS2_EE11_M_allocateEm
FNDA:5,_ZNSt12_Vector_baseISt6vectorImSaImEESaIS2_EE11_M_allocateEm
FN:343,_ZNSt12_Vector_baseIiSaIiEE11_M_allocateEm
FNDA:29,_ZNSt12_Vector_baseIiSaIiEE11_M_allocateEm
FN:343,_ZNSt12_Vector_baseImSaImEE11_M_allocateEm
FNDA:29,_ZNSt12_Vector_baseImSaImEE11_M_allocateEm
FN:350,_ZNSt12_Vector_baseImSaImEE13_M_deallocateEPmm
FNDA:155,_ZNSt12_Vector_baseImSaImEE13_M_deallocateEPmm
FN:350,_ZNSt12_Vector_baseI5StateSaIS0_EE13_M_deallocateEPS0_m
FNDA:169,_ZNSt12_Vector_baseI5StateSaIS0_EE13_M_deallocateEPS0_m
FN:350,_ZNSt12_Vector_baseIiSaIiEE13_M_deallocateEPim
FNDA:29,_ZNSt12_Vector_baseIiSaIiEE13_M_deallocateEPim
FN:350,_ZNSt12_Vector_baseIcSaIcEE13_M_deallocateEPcm
FNDA:16,_ZNSt12_Vector_baseIcSaIcEE13_M_deallocateEPcm
FN:350,_ZNSt12_Vector_baseISt6vectorImSaImEESaIS2_EE13_M_deallocateEPS2_m
FNDA:6,_ZNSt12_Vector_baseISt6vectorImSaImEESaIS2_EE13_M_deallocateEPS2_m
FN:359,_ZNSt12_Vector_baseIiSaIiEE17_M_create_storageEm
FNDA:29,_ZNSt12_Vector_baseIiSaIiEE17_M_create_storageEm
FN:359,_ZNSt12_Vector_baseIcSaIcEE17_M_create_storageEm
FNDA:16,_ZNSt12_Vector_baseIcSaIcEE17_M_create_storageEm
FN:359,_ZNSt12_Vector_baseI5StateSaIS0_EE17_M_create_storageEm
FNDA:128,_ZNSt12_Vector_baseI5StateSaIS0_EE17_M_create_storageEm
FN:453,_ZNSt6vectorIS_ImSaImEESaIS1_EE14_S_do_relocateEPS1_S4_S4_RS2_St17integral_constantIbLb1EE
FNDA:5,_ZNSt6vectorIS_ImSaImEESaIS1_EE14_S_do_relocateEPS1_S4_S4_RS2_St17integral_constantIbLb1EE
FN:453,_ZNSt6vectorImSaImEE14_S_do_relocateEPmS2_S2_RS0_St17integral_constantIbLb1EE
FNDA:58,_ZNSt6vectorImSaImEE14_S_do_relocateEPmS2_S2_RS0_St17integral_constantIbLb1EE
FN:453,_ZNSt6vectorI5StateSaIS0_EE14_S_do_relocateEPS0_S3_S3_RS1_St17integral_constantIbLb1EE
FNDA:39,_ZNSt6vectorI5StateSaIS0_EE14_S_do_relocateEPS0_S3_S3_RS1_St17integral_constantIbLb1EE
FN:465,_ZNSt6vectorImSaImEE11_S_relocateEPmS2_S2_RS0_
FNDA:58,_ZNSt6vectorImSaImEE11_S_relocateEPmS2_S2_RS0_
FN:465,_ZNSt6vectorI5StateSaIS0_EE11_S_relocateEPS0_S3_S3_RS1_
FNDA:39,_ZNSt6vectorI5StateSaIS0_EE11_S_relocateEPS0_S3_S3_RS1_
FN:465,_ZNSt6vectorIS_ImSaImEESaIS1_EE11_S_relocateEPS1_S4_S4_RS2_
FNDA:5,_ZNSt6vectorIS_ImSaImEESaIS1_EE11_S_relocateEPS1_S4_S4_RS2_
FN:487,_ZNSt6vectorIS_ImSaImEESaIS1_EEC2Ev
FNDA:1,_ZNSt6vectorIS_ImSaImEESaIS1_EEC2Ev
FN:487,_ZNSt6vectorImSaImEEC2Ev
FNDA:126,_ZNSt6vectorImSaImEEC2Ev
FN:487,_ZNSt6vectorI5StateSaIS0_EEC2Ev
FNDA:2,_ZNSt6vectorI5StateSaIS0_EEC2Ev
FN:510,_ZNSt6vectorI5StateSaIS0_EEC2EmRKS1_
FNDA:53,_ZNSt6vectorI5StateSaIS0_EEC2EmRKS1_
FN:522,_ZNSt6vectorIcSaIcEEC2EmRKcRKS0_
FNDA:16,_ZNSt6vectorIcSaIcEEC2EmRKcRKS0_
FN:522,_ZNSt6vectorIiSaIiEEC2EmRKiRKS0_
FNDA:29,_ZNSt6vectorIiSaIiEEC2EmRKiRKS0_
FN:553,_ZNSt6vectorI5StateSaIS0_EEC2ERKS2_
FNDA:75,_ZNSt6vectorI5StateSaIS0_EEC2ERKS2_
FN:572,_ZNSt6vectorImSaImEEC2EOS1_
FNDA:0,_ZNSt6vectorImSaImEEC2EOS1_
FN:678,_ZNSt6vectorIiSaIiEED2Ev
FNDA:29,_ZNSt6vectorIiSaIiEED2Ev
FN:678,_ZNSt6vectorI5StateSaIS0_EED2Ev
FNDA:130,_ZNSt6vectorI5StateSaIS0_EED2Ev
FN:678,_ZNSt6vectorIcSaIcEED2Ev
FNDA:16,_ZNSt6vectorIcSaIcEED2Ev
FN:678,_ZNSt6vectorImSaImEED2Ev
FNDA:126,_ZNSt6vectorImSaImEED2Ev
FN:678,_ZNSt6vectorIS_ImSaImEESaIS1_EED2Ev
FNDA:1,_ZNSt6vectorIS_ImSaImEESaIS1_EED2Ev
FN:811,_ZNSt6vectorImSaImEE5beginEv
FNDA:110,_ZNSt6vectorImSaImEE5beginEv
FN:820,_ZNKSt6vectorI5StateSaIS0_EE5beginEv
FNDA:75,_ZNKSt6vectorI5StateSaIS0_EE5beginEv
FN:829,_ZNSt6vectorImSaImEE3endEv
FNDA:110,_ZNSt6vectorImSaImEE3endEv
FN:838,_ZNKSt6vectorI5StateSaIS0_EE3endEv
FNDA:75,_ZNKSt6vectorI5StateSaIS0_EE3endEv
FN:918,_ZNKSt6vectorIS_ImSaImEESaIS1_EE4sizeEv
FNDA:68,_ZNKSt6vectorIS_ImSaImEESaIS1_EE4sizeEv
FN:918,_ZNKSt6vectorI5StateSaIS0_EE4sizeEv
FNDA:1276,_ZNKSt6vectorI5StateSaIS0_EE4sizeEv
FN:918,_ZNKSt6vectorImSaImEE4sizeEv
FNDA:116,_ZNKSt6vectorImSaImEE4sizeEv
FN:923,_ZNKSt6vectorI5StateSaIS0_EE8max_sizeEv
FNDA:160,_ZNKSt6vectorI5StateSaIS0_EE8max_sizeEv
FN:923,_ZNKSt6vectorImSaImEE8max_sizeEv
FNDA:58,_ZNKSt6vectorImSaImEE8max_sizeEv
FN:923,_ZNKSt6vectorIS_ImSaImEESaIS1_EE8max_sizeEv
FNDA:42,_ZNKSt6vectorIS_ImSaImEESaIS1_EE8max_sizeEv
FN:937,_ZNSt6vectorI5StateSaIS0_EE6resizeEm
FNDA:41,_ZNSt6vectorI5StateSaIS0_EE6resizeEm
FN:937,_ZNSt6vectorIS_ImSaImEESaIS1_EE6resizeEm
FNDA:16,_ZNSt6vectorIS_ImSaImEESaIS1_EE6resizeEm
FN:1043,_ZNSt6vectorIiSaIiEEixEm
FNDA:40,_ZNSt6vectorIiSaIiEEixEm
FN:1043,_ZNSt6vectorI5StateSaIS0_EEixEm
FNDA:1819,_ZNSt6vectorI5StateSaIS0_EEixEm
FN:1043,_ZNSt6vectorIcSaIcEEixEm
FNDA:98,_ZNSt6vectorIcSaIcEEixEm
FN:1043,_ZNSt6vectorIS_ImSaImEESaIS1_EEixEm
FNDA:112,_ZNSt6vectorIS_ImSaImEESaIS1_EEixEm
FN:1061,_ZNKSt6vectorI5StateSaIS0_EEixEm
FNDA:118,_ZNKSt6vectorI5StateSaIS0_EEixEm
FN:1187,_ZNSt6vectorImSaImEE9push_backERKm
FNDA:31,_ZNSt6vectorImSaImEE9push_backERKm
FN:1498,_ZNSt6vectorIS_ImSaImEESaIS1_EE5clearEv
FNDA:17,_ZNSt6vectorIS_ImSaImEESaIS1_EE5clearEv
FN:1593,_ZNSt6vectorIcSaIcEE18_M_fill_initializeEmRKc
FNDA:16,_ZNSt6vectorIcSaIcEE18_M_fill_initializeEmRKc
FN:1593,_ZNSt6vectorIiSaIiEE18_M_fill_initializeEmRKi
FNDA:29,_ZNSt6vectorIiSaIiEE18_M_fill_initializeEmRKi
FN:1603,_ZNSt6vectorI5StateSaIS0_EE21_M_default_initializeEm
FNDA:53,_ZNSt6vectorI5StateSaIS0_EE21_M_default_initializeEm
FN:1756,_ZNKSt6vectorI5StateSaIS0_EE12_M_check_lenEmPKc
FNDA:39,_ZNKSt6vectorI5StateSaIS0_EE12_M_check_lenEmPKc
FN:1756,_ZNKSt6vectorIS_ImSaImEESaIS1_EE12_M_check_lenEmPKc
FNDA:5,_ZNKSt6vectorIS_ImSaImEESaIS1_EE12_M_check_lenEmPKc
FN:1756,_ZNKSt6vectorImSaImEE12_M_check_lenEmPKc
FNDA:29,_ZNKSt6vectorImSaImEE12_M_check_lenEmPKc
FN:1767,_ZNSt6vectorIiSaIiEE17_S_check_init_lenEmRKS0_
FNDA:29,_ZNSt6vectorIiSaIiEE17_S_check_init_lenEmRKS0_
FN:1767,_ZNSt6vectorIcSaIcEE17_S_check_init_lenEmRKS0_
FNDA:16,_ZNSt6vectorIcSaIcEE17_S_check_init_lenEmRKS0_
FN:1767,_ZNSt6vectorI5StateSaIS0_EE17_S_check_init_lenEmRKS1_
FNDA:53,_ZNSt6vectorI5StateSaIS0_EE17_S_check_init_lenEmRKS1_
FN:1776,_ZNSt6vectorIS_ImSaImEESaIS1_EE11_S_max_sizeERKS2_
FNDA:42,_ZNSt6vectorIS_ImSaImEESaIS1_EE11_S_max_sizeERKS2_
FN:1776,_ZNSt6vectorIcSaIcEE11_S_max_sizeERKS0_
FNDA:16,_ZNSt6vectorIcSaIcEE11_S_max_sizeERKS0_
FN:1776,_ZNSt6vectorImSaImEE11_S_max_sizeERKS0_
FNDA:58,_ZNSt6vectorImSaImEE11_S_max_sizeERKS0_
FN:1776,_ZNSt6vectorIiSaIiEE11_S_max_sizeERKS0_
FNDA:29,_ZNSt6vectorIiSaIiEE11_S_max_sizeERKS0_
FN:1776,_ZNSt6vectorI5StateSaIS0_EE11_S_max_sizeERKS1_
FNDA:213,_ZNSt6vectorI5StateSaIS0_EE11_S_max_sizeERKS1_
FN:1792,_ZNSt6vectorI5StateSaIS0_EE15_M_erase_at_endEPS0_
FNDA:0,_ZNSt6vectorI5StateSaIS0_EE15_M_erase_at_endEPS0_
FN:1792,_ZNSt6vectorIS_ImSaImEESaIS1_EE15_M_erase_at_endEPS1_
FNDA:17,_ZNSt6vectorIS_ImSaImEESaIS1_EE15_M_erase_at_endEPS1_
DA:97,126
DA:98,126
DA:99,126
DA:97,16
DA:98,16
DA:99,16
DA:97,29
DA:98,29
DA:99,29
DA:97,1
DA:98,1
DA:99,1
DA:97,130
DA:98,130
DA:99,130
DA:102,0
DA:103,0
DA:104,0
DA:105,0
DA:131,126
DA:133,126
DA:134,126
DA:131,1
DA:133,1
DA:134,1
DA:131,2
DA:133,2
DA:134,2
DA:136,16
DA:137,16
DA:138,16
DA:136,29
DA:137,29
DA:138,29
DA:136,128
DA:137,128
DA:138,128
DA:143,0
DA:144,0
DA:145,0
DA:276,184
DA:277,184
DA:276,37
DA:277,37
DA:276,32
DA:277,32
DA:276,58
DA:277,58
DA:276,338
DA:277,338
DA:280,58
DA:281,58
DA:280,42
DA:281,42
DA:280,235
DA:281,235
DA:288,126
DA:288,1
DA:288,2
DA:303,16
DA:304,16
DA:305,16
DA:303,29
DA:304,29
DA:305,29
DA:303,128
DA:304,128
DA:305,128
DA:308,0
DA:333,126
DA:335,126
DA:336,126
DA:337,126
DA:333,16
DA:335,16
DA:336,16
DA:337,16
DA:333,29
DA:335,29
DA:336,29
DA:337,29
DA:333,1
DA:335,1
DA:336,1
DA:337,1
DA:333,130
DA:335,130
DA:336,130
DA:337,130
DA:343,16
DA:346,16
DA:343,29
DA:346,29
DA:343,29
DA:346,29
DA:343,5
DA:346,5
DA:343,167
DA:346,167
DA:350,16
DA:353,16
DA:354,16
DA:355,16
DA:350,29
DA:353,29
DA:354,29
DA:355,29
DA:350,155
DA:353,155
DA:354,29
DA:355,155
DA:350,6
DA:353,6
DA:354,5
DA:355,6
DA:350,169
DA:353,169
DA:354,167
DA:355,169
DA:359,16
DA:361,16
DA:362,16
DA:363,16
DA:364,16
DA:359,29
DA:361,29
DA:362,29
DA:363,29
DA:364,29
DA:359,128
DA:361,128
DA:362,128
DA:363,128
DA:364,128
DA:453,58
DA:456,58
DA:453,5
DA:456,5
DA:453,39
DA:456,39
DA:465,58
DA:469,58
DA:465,5
DA:469,5
DA:465,39
DA:469,39
DA:487,126
DA:487,1
DA:487,2
DA:510,53
DA:511,53
DA:512,53
DA:522,16
DA:524,16
DA:525,16
DA:522,29
DA:524,29
DA:525,29
DA:553,75
DA:555,75
DA:557,75
DA:558,75
DA:560,75
DA:561,75
DA:572,0
DA:678,126
DA:680,126
DA:681,126
DA:683,126
DA:678,1
DA:680,1
DA:681,1
DA:683,1
DA:678,16
DA:680,16
DA:681,16
DA:683,16
DA:678,29
DA:680,29
DA:681,29
DA:683,29
DA:678,130
DA:680,130
DA:681,130
DA:683,130
DA:811,110
DA:812,110
DA:820,75
DA:821,75
DA:829,110
DA:830,110
DA:838,75
DA:839,75
DA:918,116
DA:919,116
DA:918,68
DA:919,68
DA:918,1276
DA:919,1276
DA:923,58
DA:924,58
DA:923,42
DA:924,42
DA:923,160
DA:924,160
DA:937,16
DA:939,16
DA:940,16
DA:941,0
DA:942,0
DA:943,16
DA:937,41
DA:939,41
DA:940,41
DA:941,0
DA:942,0
DA:943,41
DA:1043,40
DA:1046,40
DA:1043,98
DA:1046,98
DA:1043,112
DA:1046,112
DA:1043,1819
DA:1046,1819
DA:1061,118
DA:1064,118
DA:1187,31
DA:1189,31
DA:1192,2
DA:1194,2
DA:1198,29
DA:1199,31
DA:1498,17
DA:1499,17
DA:1593,16
DA:1595,16
DA:1596,16
DA:1597,16
DA:1598,16
DA:1593,29
DA:1595,29
DA:1596,29
DA:1597,29
DA:1598,29
DA:1603,53
DA:1605,53
DA:1606,53
DA:1607,53
DA:1608,53
DA:1756,29
DA:1758,29
DA:1759,0
DA:1761,29
DA:1762,29
DA:1756,5
DA:1758,5
DA:1759,0
DA:1761,5
DA:1762,5
DA:1756,39
DA:1758,39
DA:1759,0
DA:1761,39
DA:1762,39
DA:1767,16
DA:1769,16
DA:1770,0
DA:1772,16
DA:1767,29
DA:1769,29
DA:1770,0
DA:1772,29
DA:1767,53
DA:1769,53
DA:1770,0
DA:1772,53
DA:1776,58
DA:1781,58
DA:1783,58
DA:1784,58
DA:1776,42
DA:1781,42
DA:1783,42
DA:1784,42
DA:1776,16
DA:1781,16
DA:1783,16
DA:1784,16
DA:1776,29
DA:1781,29
DA:1783,29
DA:1784,29
DA:1776,213
DA:1781,213
DA:1783,213
DA:1784,213
DA:1792,17
DA:1794,17
DA:1796,15
DA:1797,15
DA:1798,15
DA:1801,17
DA:1792,0
DA:1794,0
DA:1796,0
DA:1797,0
DA:1798,0
DA:1801,0
end_of_record
SF:/usr/include/c++/11/bits/vector.tcc
FN:426,_ZNSt6vectorImSaImEE17_M_realloc_insertIJRKmEEEvN9__gnu_cxx17__normal_iteratorIPmS1_EEDpOT_
FNDA:29,_ZNSt6vectorImSaImEE17_M_realloc_insertIJRKmEEEvN9__gnu_cxx17__normal_iteratorIPmS1_EEDpOT_
FN:611,_ZNSt6vectorIS_ImSaImEESaIS1_EE17_M_default_appendEm
FNDA:16,_ZNSt6vectorIS_ImSaImEESaIS1_EE17_M_default_appendEm
FN:611,_ZNSt6vectorI5StateSaIS0_EE17_M_default_appendEm
FNDA:41,_ZNSt6vectorI5StateSaIS0_EE17_M_default_appendEm
DA:426,29
DA:436,29
DA:437,29
DA:438,29
DA:439,29
DA:440,29
DA:441,29
DA:449,29
DA:450,29
DA:456,29
DA:461,29
DA:462,29
DA:464,29
DA:466,29
DA:467,29
DA:500,29
DA:501,29
DA:502,29
DA:503,29
DA:504,29
DA:505,29
DA:611,16
DA:614,16
DA:616,16
DA:617,16
DA:618,16
DA:620,16
DA:621,0
DA:623,16
DA:626,11
DA:627,11
DA:628,11
DA:634,5
DA:635,5
DA:640,5
DA:641,5
DA:643,0
DA:645,0
DA:646,0
DA:648,5
DA:649,5
DA:675,5
DA:676,5
DA:677,5
DA:678,5
DA:679,5
DA:680,5
DA:683,16
DA:611,41
DA:614,41
DA:616,41
DA:617,41
DA:618,41
DA:620,41
DA:621,0
DA:623,41
DA:626,2
DA:627,2
DA:628,2
DA:634,39
DA:635,39
DA:640,39
DA:641,39
DA:643,0
DA:645,0
DA:646,0
DA:648,39
DA:649,39
DA:675,39
DA:676,39
DA:677,39
DA:678,39
DA:679,39
DA:680,39
DA:683,41
end_of_record
SF:/usr/include/c++/11/bits/stl_set.h
FN:167,_ZNSt3setImSt4lessImESaImEEC2Ev
FNDA:501,_ZNSt3setImSt4lessImESaImEEC2Ev
FN:223,_ZNSt3setImSt4lessImESaImEEC2ERKS3_
FNDA:592,_ZNSt3setImSt4lessImESaImEEC2ERKS3_
FN:223,_ZNSt3setIcSt4lessIcESaIcEEC2ERKS3_
FNDA:75,_ZNSt3setIcSt4lessIcESaIcEEC2ERKS3_
FN:243,_ZNSt3setIcSt4lessIcESaIcEEC2ESt16initializer_listIcERKS1_RKS2_
FNDA:55,_ZNSt3setIcSt4lessIcESaIcEEC2ESt16initializer_listIcERKS1_RKS2_
FN:243,_ZNSt3setImSt4lessImESaImEEC2ESt16initializer_listImERKS1_RKS2_
FNDA:76,_ZNSt3setImSt4lessImESaImEEC2ESt16initializer_listImERKS1_RKS2_
FN:281,_ZNSt3setIcSt4lessIcESaIcEED2Ev
FNDA:130,_ZNSt3setIcSt4lessIcESaIcEED2Ev
FN:281,_ZNSt3setImSt4lessImESaImEED2Ev
FNDA:1169,_ZNSt3setImSt4lessImESaImEED2Ev
FN:316,_ZNSt3setImSt4lessImESaImEEaSESt16initializer_listImE
FNDA:65,_ZNSt3setImSt4lessImESaImEEaSESt16initializer_listImE
FN:344,_ZNKSt3setImSt4lessImESaImEE5beginEv
FNDA:1127,_ZNKSt3setImSt4lessImESaImEE5beginEv
FN:344,_ZNKSt3setIcSt4lessIcESaIcEE5beginEv
FNDA:156,_ZNKSt3setIcSt4lessIcESaIcEE5beginEv
FN:353,_ZNKSt3setImSt4lessImESaImEE3endEv
FNDA:1127,_ZNKSt3setImSt4lessImESaImEE3endEv
FN:353,_ZNKSt3setIcSt4lessIcESaIcEE3endEv
FNDA:173,_ZNKSt3setIcSt4lessIcESaIcEE3endEv
FN:509,_ZNSt3setImSt4lessImESaImEE6insertERKm
FNDA:116,_ZNSt3setImSt4lessImESaImEE6insertERKm
FN:518,_ZNSt3setImSt4lessImESaImEE6insertEOm
FNDA:173,_ZNSt3setImSt4lessImESaImEE6insertEOm
FN:684,_ZNSt3setImSt4lessImESaImEE5eraseERKm
FNDA:40,_ZNSt3setImSt4lessImESaImEE5eraseERKm
FN:733,_ZNSt3setImSt4lessImESaImEE5clearEv
FNDA:109,_ZNSt3setImSt4lessImESaImEE5clearEv
FN:794,_ZNSt3setIcSt4lessIcESaIcEE4findERKc
FNDA:17,_ZNSt3setIcSt4lessIcESaIcEE4findERKc
FN:985,_ZSteqImSt4lessImESaImEEbRKSt3setIT_T0_T1_ES9_
FNDA:23,_ZSteqImSt4lessImESaImEEbRKSt3setIT_T0_T1_ES9_
DA:167,501
DA:223,75
DA:223,592
DA:243,76
DA:246,76
DA:247,76
DA:243,55
DA:246,55
DA:247,55
DA:281,1169
DA:281,130
DA:316,65
DA:318,65
DA:319,65
DA:344,156
DA:345,156
DA:344,1127
DA:345,1127
DA:353,173
DA:354,173
DA:353,1127
DA:354,1127
DA:509,116
DA:512,116
DA:513,116
DA:518,173
DA:521,173
DA:522,173
DA:684,40
DA:685,40
DA:733,109
DA:734,109
DA:794,17
DA:795,17
DA:985,23
DA:987,23
end_of_record
SF:/usr/include/c++/11/initializer_list
FN:71,_ZNKSt16initializer_listImE4sizeEv
FNDA:141,_ZNKSt16initializer_listImE4sizeEv
FN:71,_ZNKSt16initializer_listIcE4sizeEv
FNDA:55,_ZNKSt16initializer_listIcE4sizeEv
FN:75,_ZNKSt16initializer_listImE5beginEv
FNDA:282,_ZNKSt16initializer_listImE5beginEv
FN:75,_ZNKSt16initializer_listIcE5beginEv
FNDA:110,_ZNKSt16initializer_listIcE5beginEv
FN:79,_ZNKSt16initializer_listImE3endEv
FNDA:141,_ZNKSt16initializer_listImE3endEv
FN:79,_ZNKSt16initializer_listIcE3endEv
FNDA:55,_ZNKSt16initializer_listIcE3endEv
DA:71,141
DA:71,55
DA:75,282
DA:75,110
DA:79,141
DA:79,55
end_of_record
SF:/usr/include/c++/11/ext/aligned_buffer.h
FN:64,_ZN9__gnu_cxx16__aligned_membufImE7_M_addrEv
FNDA:2264,_ZN9__gnu_cxx16__aligned_membufImE7_M_addrEv
FN:64,_ZN9__gnu_cxx16__aligned_membufIcE7_M_addrEv
FNDA:1005,_ZN9__gnu_cxx16__aligned_membufIcE7_M_addrEv
FN:64,_ZN9__gnu_cxx16__aligned_membufISt4pairIKcSt3setImSt4lessImESaImEEEE7_M_addrEv
FNDA:4801,_ZN9__gnu_cxx16__aligned_membufISt4pairIKcSt3setImSt4lessImESaImEEEE7_M_addrEv
FN:68,_ZNK9__gnu_cxx16__aligned_membufISt4pairIKcSt3setImSt4lessImESaImEEEE7_M_addrEv
FNDA:3343,_ZNK9__gnu_cxx16__aligned_membufISt4pairIKcSt3setImSt4lessImESaImEEEE7_M_addrEv
FN:68,_ZNK9__gnu_cxx16__aligned_membufIcE7_M_addrEv
FNDA:738,_ZNK9__gnu_cxx16__aligned_membufIcE7_M_addrEv
FN:68,_ZNK9__gnu_cxx16__aligned_membufImE7_M_addrEv
FNDA:1016,_ZNK9__gnu_cxx16__aligned_membufImE7_M_addrEv
FN:72,_ZN9__gnu_cxx16__aligned_membufImE6_M_ptrEv
FNDA:2264,_ZN9__gnu_cxx16__aligned_membufImE6_M_ptrEv
FN:72,_ZN9__gnu_cxx16__aligned_membufIcE6_M_ptrEv
FNDA:1005,_ZN9__gnu_cxx16__aligned_membufIcE6_M_ptrEv
FN:72,_ZN9__gnu_cxx16__aligned_membufISt4pairIKcSt3setImSt4lessImESaImEEEE6_M_ptrEv
FNDA:4801,_ZN9__gnu_cxx16__aligned_membufISt4pairIKcSt3setImSt4lessImESaImEEEE6_M_ptrEv
FN:76,_ZNK9__gnu_cxx16__aligned_membufISt4pairIKcSt3setImSt4lessImESaImEEEE6_M_ptrEv
FNDA:3343,_ZNK9__gnu_cxx16__aligned_membufISt4pairIKcSt3setImSt4lessImESaImEEEE6_M_ptrEv
FN:76,_ZNK9__gnu_cxx16__aligned_membufIcE6_M_ptrEv
FNDA:738,_ZNK9__gnu_cxx16__aligned_membufIcE6_M_ptrEv
FN:76,_ZNK9__gnu_cxx16__aligned_membufImE6_M_ptrEv
FNDA:1016,_ZNK9__gnu_cxx16__aligned_membufImE6_M_ptrEv
DA:64,2264
DA:65,2264
DA:64,1005
DA:65,1005
DA:64,4801
DA:65,4801
DA:68,3343
DA:69,3343
DA:68,738
DA:69,738
DA:68,1016
DA:69,1016
DA:72,2264
DA:73,2264
DA:72,1005
DA:73,1005
DA:72,4801
DA:73,4801
DA:76,3343
DA:77,3343
DA:76,738
DA:77,738
DA:76,1016
DA:77,1016
end_of_record
SF:/usr/include/c++/11/bits/stl_queue.h
FN:166,_ZNSt5queueImSt5dequeImSaImEEEC2IS2_vEEv
FNDA:29,_ZNSt5queueImSt5dequeImSaImEEEC2IS2_vEEv
FN:203,_ZNKSt5queueImSt5dequeImSaImEEE5emptyEv
FNDA:68,_ZNKSt5queueImSt5dequeImSaImEEE5emptyEv
FN:216,_ZNSt5queueImSt5dequeImSaImEEE5frontEv
FNDA:39,_ZNSt5queueImSt5dequeImSaImEEE5frontEv
FN:265,_ZNSt5queueImSt5dequeImSaImEEE4pushERKm
FNDA:39,_ZNSt5queueImSt5dequeImSaImEEE4pushERKm
FN:298,_ZNSt5queueImSt5dequeImSaImEEE3popEv
FNDA:39,_ZNSt5queueImSt5dequeImSaImEEE3popEv
DA:166,29
DA:167,29
DA:203,68
DA:204,68
DA:216,39
DA:219,39
DA:265,39
DA:266,39
DA:298,39
DA:301,39
DA:302,39
end_of_record
SF:/usr/include/c++/11/bits/stl_uninitialized.h
[...]
FNDA:105,_ZNSt15_Deque_iteratorI3NKARS0_PS0_EmmEv
FN:260,_ZNSt15_Deque_iteratorI3NKARS0_PS0_E11_M_set_nodeEPS2_
FNDA:66,_ZNSt15_Deque_iteratorI3NKARS0_PS0_E11_M_set_nodeEPS2_
FN:260,_ZNSt15_Deque_iteratorImRmPmE11_M_set_nodeEPS1_
FNDA:58,_ZNSt15_Deque_iteratorImRmPmE11_M_set_nodeEPS1_
FN:268,_ZSteqRKSt15_Deque_iteratorImRmPmES4_
FNDA:68,_ZSteqRKSt15_Deque_iteratorImRmPmES4_
FN:353,_ZStmiRKSt15_Deque_iteratorImRmPmES4_
FNDA:0,_ZStmiRKSt15_Deque_iteratorImRmPmES4_
FN:353,_ZStmiRKSt15_Deque_iteratorI3NKARS0_PS0_ES5_
FNDA:59,_ZStmiRKSt15_Deque_iteratorI3NKARS0_PS0_ES5_
FN:437,_ZNSt11_Deque_baseI3NKASaIS0_EEC2Ev
FNDA:23,_ZNSt11_Deque_baseI3NKASaIS0_EEC2Ev
FN:437,_ZNSt11_Deque_baseImSaImEEC2Ev
FNDA:29,_ZNSt11_Deque_baseImSaImEEC2Ev
FN:495,_ZNSt11_Deque_baseImSaImEE16_Deque_impl_dataC2Ev
FNDA:29,_ZNSt11_Deque_baseImSaImEE16_Deque_impl_dataC2Ev
FN:495,_ZNSt11_Deque_baseI3NKASaIS0_EE16_Deque_impl_dataC2Ev
FNDA:41,_ZNSt11_Deque_baseI3NKASaIS0_EE16_Deque_impl_dataC2Ev
FN:500,_ZNSt11_Deque_baseI3NKASaIS0_EE16_Deque_impl_dataC2ERKS3_
FNDA:18,_ZNSt11_Deque_baseI3NKASaIS0_EE16_Deque_impl_dataC2ERKS3_
FN:504,_ZNSt11_Deque_baseI3NKASaIS0_EE16_Deque_impl_dataC2EOS3_
FNDA:18,_ZNSt11_Deque_baseI3NKASaIS0_EE16_Deque_impl_dataC2EOS3_
FN:510,_ZNSt11_Deque_baseI3NKASaIS0_EE16_Deque_impl_data12_M_swap_dataERS3_
FNDA:18,_ZNSt11_Deque_baseI3NKASaIS0_EE16_Deque_impl_data12_M_swap_dataERS3_
FN:524,_ZNSt11_Deque_baseImSaImEE11_Deque_implC2Ev
FNDA:29,_ZNSt11_Deque_baseImSaImEE11_Deque_implC2Ev
FN:524,_ZNSt11_Deque_baseI3NKASaIS0_EE11_Deque_implC2Ev
FNDA:23,_ZNSt11_Deque_baseI3NKASaIS0_EE11_Deque_implC2Ev
FN:547,_ZNSt11_Deque_baseI3NKASaIS0_EE19_M_get_Tp_allocatorEv
FNDA:146,_ZNSt11_Deque_baseI3NKASaIS0_EE19_M_get_Tp_allocatorEv
FN:547,_ZNSt11_Deque_baseImSaImEE19_M_get_Tp_allocatorEv
FNDA:68,_ZNSt11_Deque_baseImSaImEE19_M_get_Tp_allocatorEv
FN:551,_ZNKSt11_Deque_baseI3NKASaIS0_EE19_M_get_Tp_allocatorEv
FNDA:52,_ZNKSt11_Deque_baseI3NKASaIS0_EE19_M_get_Tp_allocatorEv
FN:551,_ZNKSt11_Deque_baseImSaImEE19_M_get_Tp_allocatorEv
FNDA:58,_ZNKSt11_Deque_baseImSaImEE19_M_get_Tp_allocatorEv
FN:555,_ZNKSt11_Deque_baseI3NKASaIS0_EE20_M_get_map_allocatorEv
FNDA:46,_ZNKSt11_Deque_baseI3NKASaIS0_EE20_M_get_map_allocatorEv
FN:555,_ZNKSt11_Deque_baseImSaImEE20_M_get_map_allocatorEv
FNDA:58,_ZNKSt11_Deque_baseImSaImEE20_M_get_map_allocatorEv
FN:559,_ZNSt11_Deque_baseImSaImEE16_M_allocate_nodeEv
FNDA:29,_ZNSt11_Deque_baseImSaImEE16_M_allocate_nodeEv
FN:559,_ZNSt11_Deque_baseI3NKASaIS0_EE16_M_allocate_nodeEv
FNDA:29,_ZNSt11_Deque_baseI3NKASaIS0_EE16_M_allocate_nodeEv
FN:566,_ZNSt11_Deque_baseI3NKASaIS0_EE18_M_deallocate_nodeEPS0_
FNDA:29,_ZNSt11_Deque_baseI3NKASaIS0_EE18_M_deallocate_nodeEPS0_
FN:566,_ZNSt11_Deque_baseImSaImEE18_M_deallocate_nodeEPm
FNDA:29,_ZNSt11_Deque_baseImSaImEE18_M_deallocate_nodeEPm
FN:573,_ZNSt11_Deque_baseI3NKASaIS0_EE15_M_allocate_mapEm
FNDA:23,_ZNSt11_Deque_baseI3NKASaIS0_EE15_M_allocate_mapEm
FN:573,_ZNSt11_Deque_baseImSaImEE15_M_allocate_mapEm
FNDA:29,_ZNSt11_Deque_baseImSaImEE15_M_allocate_mapEm
FN:580,_ZNSt11_Deque_baseI3NKASaIS0_EE17_M_deallocate_mapEPPS0_m
FNDA:23,_ZNSt11_Deque_baseI3NKASaIS0_EE17_M_deallocate_mapEPPS0_m
FN:580,_ZNSt11_Deque_baseImSaImEE17_M_deallocate_mapEPPmm
FNDA:29,_ZNSt11_Deque_baseImSaImEE17_M_deallocate_mapEPPmm
FN:596,_ZNSt11_Deque_baseImSaImEED2Ev
FNDA:29,_ZNSt11_Deque_baseImSaImEED2Ev
FN:596,_ZNSt11_Deque_baseI3NKASaIS0_EED2Ev
FNDA:23,_ZNSt11_Deque_baseI3NKASaIS0_EED2Ev
FN:617,_ZNSt11_Deque_baseImSaImEE17_M_initialize_mapEm
FNDA:29,_ZNSt11_Deque_baseImSaImEE17_M_initialize_mapEm
FN:617,_ZNSt11_Deque_baseI3NKASaIS0_EE17_M_initialize_mapEm
FNDA:23,_ZNSt11_Deque_baseI3NKASaIS0_EE17_M_initialize_mapEm
FN:656,_ZNSt11_Deque_baseImSaImEE15_M_create_nodesEPPmS3_
FNDA:29,_ZNSt11_Deque_baseImSaImEE15_M_create_nodesEPPmS3_
FN:656,_ZNSt11_Deque_baseI3NKASaIS0_EE15_M_create_nodesEPPS0_S4_
FNDA:23,_ZNSt11_Deque_baseI3NKASaIS0_EE15_M_create_nodesEPPS0_S4_
FN:674,_ZNSt11_Deque_baseImSaImEE16_M_destroy_nodesEPPmS3_
FNDA:29,_ZNSt11_Deque_baseImSaImEE16_M_destroy_nodesEPPmS3_
FN:674,_ZNSt11_Deque_baseI3NKASaIS0_EE16_M_destroy_nodesEPPS0_S4_
FNDA:41,_ZNSt11_Deque_baseI3NKASaIS0_EE16_M_destroy_nodesEPPS0_S4_
FN:807,_ZNSt5dequeI3NKASaIS0_EE14_S_buffer_sizeEv
FNDA:0,_ZNSt5dequeI3NKASaIS0_EE14_S_buffer_sizeEv
FN:834,_ZNSt5dequeImSaImEEC2Ev
FNDA:29,_ZNSt5dequeImSaImEEC2Ev
FN:834,_ZNSt5dequeI3NKASaIS0_EEC2Ev
FNDA:23,_ZNSt5dequeI3NKASaIS0_EEC2Ev
FN:1006,_ZNSt5dequeImSaImEED2Ev
FNDA:29,_ZNSt5dequeImSaImEED2Ev
FN:1006,_ZNSt5dequeI3NKASaIS0_EED2Ev
FNDA:23,_ZNSt5dequeI3NKASaIS0_EED2Ev
FN:1031,_ZNSt5dequeI3NKASaIS0_EEaSEOS2_
FNDA:18,_ZNSt5dequeI3NKASaIS0_EEaSEOS2_
FN:1128,_ZNSt5dequeI3NKASaIS0_EE5beginEv
FNDA:41,_ZNSt5dequeI3NKASaIS0_EE5beginEv
FN:1128,_ZNSt5dequeImSaImEE5beginEv
FNDA:68,_ZNSt5dequeImSaImEE5beginEv
FN:1145,_ZNSt5dequeImSaImEE3endEv
FNDA:29,_ZNSt5dequeImSaImEE3endEv
FN:1145,_ZNSt5dequeI3NKASaIS0_EE3endEv
FNDA:146,_ZNSt5dequeI3NKASaIS0_EE3endEv
FN:1233,_ZNKSt5dequeImSaImEE4sizeEv
FNDA:0,_ZNKSt5dequeImSaImEE4sizeEv
FN:1233,_ZNKSt5dequeI3NKASaIS0_EE4sizeEv
FNDA:59,_ZNKSt5dequeI3NKASaIS0_EE4sizeEv
FN:1238,_ZNKSt5dequeImSaImEE8max_sizeEv
FNDA:0,_ZNKSt5dequeImSaImEE8max_sizeEv
FN:1238,_ZNKSt5dequeI3NKASaIS0_EE8max_sizeEv
FNDA:6,_ZNKSt5dequeI3NKASaIS0_EE8max_sizeEv
FN:1311,_ZNKSt5dequeImSaImEE5emptyEv
FNDA:68,_ZNKSt5dequeImSaImEE5emptyEv
FN:1405,_ZNSt5dequeImSaImEE5frontEv
FNDA:39,_ZNSt5dequeImSaImEE5frontEv
FN:1427,_ZNSt5dequeI3NKASaIS0_EE4backEv
FNDA:105,_ZNSt5dequeI3NKASaIS0_EE4backEv
FN:1496,_ZNSt5dequeImSaImEE9push_backERKm
FNDA:39,_ZNSt5dequeImSaImEE9push_backERKm
FN:1496,_ZNSt5dequeI3NKASaIS0_EE9push_backERKS0_
FNDA:47,_ZNSt5dequeI3NKASaIS0_EE9push_backERKS0_
FN:1532,_ZNSt5dequeImSaImEE9pop_frontEv
FNDA:39,_ZNSt5dequeImSaImEE9pop_frontEv
FN:1555,_ZNSt5dequeI3NKASaIS0_EE8pop_backEv
FNDA:28,_ZNSt5dequeI3NKASaIS0_EE8pop_backEv
FN:1793,_ZNSt5dequeI3NKASaIS0_EE5clearEv
FNDA:18,_ZNSt5dequeI3NKASaIS0_EE5clearEv
FN:1834,_ZNSt5dequeI3NKASaIS0_EE11_S_max_sizeERKS1_
FNDA:6,_ZNSt5dequeI3NKASaIS0_EE11_S_max_sizeERKS1_
FN:1834,_ZNSt5dequeImSaImEE11_S_max_sizeERKS0_
FNDA:0,_ZNSt5dequeImSaImEE11_S_max_sizeERKS0_
FN:2045,_ZNSt5dequeImSaImEE15_M_destroy_dataESt15_Deque_iteratorImRmPmES5_RKS0_
FNDA:29,_ZNSt5dequeImSaImEE15_M_destroy_dataESt15_Deque_iteratorImRmPmES5_RKS0_
FN:2045,_ZNSt5dequeI3NKASaIS0_EE15_M_destroy_dataESt15_Deque_iteratorIS0_RS0_PS0_ES6_RKS1_
FNDA:41,_ZNSt5dequeI3NKASaIS0_EE15_M_destroy_dataESt15_Deque_iteratorIS0_RS0_PS0_ES6_RKS1_
FN:2064,_ZNSt5dequeI3NKASaIS0_EE15_M_erase_at_endESt15_Deque_iteratorIS0_RS0_PS0_E
FNDA:18,_ZNSt5dequeI3NKASaIS0_EE15_M_erase_at_endESt15_Deque_iteratorIS0_RS0_PS0_E
FN:2126,_ZNSt5dequeI3NKASaIS0_EE22_M_reserve_map_at_backEm
FNDA:6,_ZNSt5dequeI3NKASaIS0_EE22_M_reserve_map_at_backEm
FN:2126,_ZNSt5dequeImSaImEE22_M_reserve_map_at_backEm
FNDA:0,_ZNSt5dequeImSaImEE22_M_reserve_map_at_backEm
FN:2149,_ZNSt5dequeI3NKASaIS0_EE15_M_move_assign1EOS2_St17integral_constantIbLb1EE
FNDA:18,_ZNSt5dequeI3NKASaIS0_EE15_M_move_assign1EOS2_St17integral_constantIbLb1EE
DA:96,403
DA:98,403
DA:131,58
DA:132,58
DA:131,125
DA:132,125
DA:151,58
DA:152,58
DA:151,82
DA:152,82
DA:168,97
DA:169,97
DA:170,97
DA:168,323
DA:169,323
DA:170,323
DA:180,39
DA:181,39
DA:180,105
DA:181,105
DA:208,105
DA:210,105
DA:212,8
DA:213,8
DA:215,105
DA:216,105
DA:260,58
DA:262,58
DA:263,58
DA:264,58
DA:265,58
DA:260,66
DA:262,66
DA:263,66
DA:264,66
DA:265,66
DA:268,68
DA:269,68
DA:353,0
DA:355,0
DA:356,0
DA:357,0
DA:358,0
DA:353,59
DA:355,59
DA:356,59
DA:357,59
DA:358,59
DA:437,29
DA:438,29
DA:439,29
DA:437,23
DA:438,23
DA:439,23
DA:495,29
DA:496,29
DA:497,29
DA:495,41
DA:496,41
DA:497,41
DA:500,18
DA:504,18
DA:505,18
DA:506,18
DA:510,18
DA:514,18
DA:515,18
DA:524,29
DA:526,29
DA:527,29
DA:524,23
DA:526,23
DA:527,23
DA:547,68
DA:548,68
DA:547,146
DA:548,146
DA:551,58
DA:552,58
DA:551,52
DA:552,52
DA:555,58
DA:556,58
DA:555,46
DA:556,46
DA:559,29
DA:562,29
DA:559,29
DA:562,29
DA:566,29
DA:569,29
DA:570,29
DA:566,29
DA:569,29
DA:570,29
DA:573,29
DA:575,29
DA:576,58
DA:577,29
DA:573,23
DA:575,23
DA:576,46
DA:577,23
DA:580,29
DA:582,29
DA:583,29
DA:584,29
DA:580,23
DA:582,23
DA:583,23
DA:584,23
DA:596,29
DA:599,29
DA:601,29
DA:602,29
DA:603,29
DA:605,29
DA:596,23
DA:599,23
DA:601,23
DA:602,23
DA:603,23
DA:605,23
DA:617,29
DA:620,29
DA:623,58
DA:624,29
DA:625,29
DA:632,29
DA:633,29
DA:634,29
DA:637,29
DA:638,0
DA:640,0
DA:641,0
DA:642,0
DA:643,0
DA:646,29
DA:647,29
DA:648,29
DA:649,58
DA:650,29
DA:651,29
DA:652,29
DA:617,23
DA:620,23
DA:623,46
DA:624,23
DA:625,23
DA:632,23
DA:633,23
DA:634,23
DA:637,23
DA:638,0
DA:640,0
DA:641,0
DA:642,0
DA:643,0
DA:646,23
DA:647,23
DA:648,23
DA:649,46
DA:650,23
DA:651,23
DA:652,23
DA:656,29
DA:662,58
DA:663,29
DA:665,0
DA:667,0
DA:668,0
DA:670,29
DA:656,23
DA:662,46
DA:663,23
DA:665,0
DA:667,0
DA:668,0
DA:670,23
DA:674,29
DA:678,58
DA:679,29
DA:680,29
DA:674,41
DA:678,64
DA:679,23
DA:680,41
DA:807,0
DA:808,0
DA:834,29
DA:834,23
DA:1006,29
DA:1007,29
DA:1006,23
DA:1007,23
DA:1031,18
DA:1034,18
DA:1035,18
DA:1128,68
DA:1129,68
DA:1128,41
DA:1129,41
DA:1145,29
DA:1146,29
DA:1145,146
DA:1146,146
DA:1233,0
DA:1234,0
DA:1233,59
DA:1234,59
DA:1238,0
DA:1239,0
DA:1238,6
DA:1239,6
DA:1311,68
DA:1312,68
DA:1405,39
DA:1408,39
DA:1427,105
DA:1430,105
DA:1431,105
DA:1432,105
DA:1496,39
DA:1498,39
DA:1499,39
DA:1501,39
DA:1503,39
DA:1506,0
DA:1507,39
DA:1496,47
DA:1498,47
DA:1499,47
DA:1501,41
DA:1503,41
DA:1506,6
DA:1507,47
DA:1532,39
DA:1535,39
DA:1536,39
DA:1538,39
DA:1540,39
DA:1543,0
DA:1544,39
DA:1555,28
DA:1558,28
DA:1559,28
DA:1561,22
DA:1562,22
DA:1566,6
DA:1567,28
DA:1793,18
DA:1794,18
DA:1834,0
DA:1836,0
DA:1837,0
DA:1838,0
DA:1834,6
DA:1836,6
DA:1837,6
DA:1838,6
DA:2045,29
DA:2050,29
DA:2045,41
DA:2049,41
DA:2050,41
DA:2064,18
DA:2066,18
DA:2067,18
DA:2068,18
DA:2069,18
DA:2070,18
DA:2126,0
DA:2128,0
DA:2129,0
DA:2130,0
DA:2131,0
DA:2126,6
DA:2128,6
DA:2129,6
DA:2130,0
DA:2131,6
DA:2149,18
DA:2151,18
DA:2152,18
DA:2153,18
DA:2154,18
end_of_record
SF:/usr/include/c++/11/bits/alloc_traits.h
FN:463,_ZNSt16allocator_traitsISaImEE8allocateERS0_m
FNDA:66,_ZNSt16allocator_traitsISaImEE8allocateERS0_m
FN:463,_ZNSt16allocator_traitsISaISt13_Rb_tree_nodeISt4pairIKcSt3setImSt4lessImESaImEEEEEE8allocateERSA_m
FNDA:980,_ZNSt16allocator_traitsISaISt13_Rb_tree_nodeISt4pairIKcSt3setImSt4lessImESaImEEEEEE8allocateERSA_m
FN:463,_ZNSt16allocator_traitsISaIP3NKAEE8allocateERS2_m
FNDA:23,_ZNSt16allocator_traitsISaIP3NKAEE8allocateERS2_m
FN:463,_ZNSt16allocator_traitsISaI3NKAEE8allocateERS1_m
FNDA:29,_ZNSt16allocator_traitsISaI3NKAEE8allocateERS1_m
FN:463,_ZNSt16allocator_traitsISaIiEE8allocateERS0_m
FNDA:29,_ZNSt16allocator_traitsISaIiEE8allocateERS0_m
FN:463,_ZNSt16allocator_traitsISaIPmEE8allocateERS1_m
FNDA:29,_ZNSt16allocator_traitsISaIPmEE8allocateERS1_m
FN:463,_ZNSt16allocator_traitsISaIcEE8allocateERS0_m
FNDA:16,_ZNSt16allocator_traitsISaIcEE8allocateERS0_m
FN:463,_ZNSt16allocator_traitsISaISt13_Rb_tree_nodeImEEE8allocateERS2_m
FNDA:898,_ZNSt16allocator_traitsISaISt13_Rb_tree_nodeImEEE8allocateERS2_m
FN:463,_ZNSt16allocator_traitsISaISt13_Rb_tree_nodeIcEEE8allocateERS2_m
FNDA:390,_ZNSt16allocator_traitsISaISt13_Rb_tree_nodeIcEEE8allocateERS2_m
FN:463,_ZNSt16allocator_traitsISaI5StateEE8allocateERS1_m
FNDA:167,_ZNSt16allocator_traitsISaI5StateEE8allocateERS1_m
FN:463,_ZNSt16allocator_traitsISaISt6vectorImSaImEEEE8allocateERS3_m
FNDA:5,_ZNSt16allocator_traitsISaISt6vectorImSaImEEEE8allocateERS3_m
FN:495,_ZNSt16allocator_traitsISaIPmEE10deallocateERS1_PS0_m
FNDA:29,_ZNSt16allocator_traitsISaIPmEE10deallocateERS1_PS0_m
FN:495,_ZNSt16allocator_traitsISaIcEE10deallocateERS0_Pcm
FNDA:16,_ZNSt16allocator_traitsISaIcEE10deallocateERS0_Pcm
FN:495,_ZNSt16allocator_traitsISaISt6vectorImSaImEEEE10deallocateERS3_PS2_m
FNDA:5,_ZNSt16allocator_traitsISaISt6vectorImSaImEEEE10deallocateERS3_PS2_m
FN:495,_ZNSt16allocator_traitsISaIiEE10deallocateERS0_Pim
FNDA:29,_ZNSt16allocator_traitsISaIiEE10deallocateERS0_Pim
FN:495,_ZNSt16allocator_traitsISaISt13_Rb_tree_nodeISt4pairIKcSt3setImSt4lessImESaImEEEEEE10deallocateERSA_PS9_m
FNDA:980,_ZNSt16allocator_traitsISaISt13_Rb_tree_nodeISt4pairIKcSt3setImSt4lessImESaImEEEEEE10deallocateERSA_PS9_m
FN:495,_ZNSt16allocator_traitsISaISt13_Rb_tree_nodeIcEEE10deallocateERS2_PS1_m
FNDA:390,_ZNSt16allocator_traitsISaISt13_Rb_tree_nodeIcEEE10deallocateERS2_PS1_m
FN:495,_ZNSt16allocator_traitsISaImEE10deallocateERS0_Pmm
FNDA:66,_ZNSt16allocator_traitsISaImEE10deallocateERS0_Pmm
FN:495,_ZNSt16allocator_traitsISaISt13_Rb_tree_nodeImEEE10deallocateERS2_PS1_m
FNDA:898,_ZNSt16allocator_traitsISaISt13_Rb_tree_nodeImEEE10deallocateERS2_PS1_m
FN:495,_ZNSt16allocator_traitsISaIP3NKAEE10deallocateERS2_PS1_m
FNDA:23,_ZNSt16allocator_traitsISaIP3NKAEE10deallocateERS2_PS1_m
FN:495,_ZNSt16allocator_traitsISaI3NKAEE10deallocateERS1_PS0_m
FNDA:29,_ZNSt16allocator_traitsISaI3NKAEE10deallocateERS1_PS0_m
FN:495,_ZNSt16allocator_traitsISaI5StateEE10deallocateERS1_PS0_m
FNDA:167,_ZNSt16allocator_traitsISaI5StateEE10deallocateERS1_PS0_m
FN:511,_ZNSt16allocator_traitsISaISt13_Rb_tree_nodeISt4pairIKcSt3setImSt4lessImESaImEEEEEE9constructIS8_JRKSt21piecewise_construct_tSt5tupleIJRS2_EESG_IJEEEEEvRSA_PT_DpOT0_
FNDA:407,_ZNSt16allocator_traitsISaISt13_Rb_tree_nodeISt4pairIKcSt3setImSt4lessImESaImEEEEEE9constructIS8_JRKSt21piecewise_construct_tSt5tupleIJRS2_EESG_IJEEEEEvRSA_PT_DpOT0_
FN:511,_ZNSt16allocator_traitsISaISt13_Rb_tree_nodeISt4pairIKcSt3setImSt4lessImESaImEEEEEE9constructIS8_JRKSt21piecewise_construct_tSt5tupleIJOcEESG_IJEEEEEvRSA_PT_DpOT0_
FNDA:92,_ZNSt16allocator_traitsISaISt13_Rb_tree_nodeISt4pairIKcSt3setImSt4lessImESaImEEEEEE9constructIS8_JRKSt21piecewise_construct_tSt5tupleIJOcEESG_IJEEEEEvRSA_PT_DpOT0_
FN:511,_ZNSt16allocator_traitsISaI3NKAEE9constructIS0_JRKS0_EEEvRS1_PT_DpOT0_
FNDA:47,_ZNSt16allocator_traitsISaI3NKAEE9constructIS0_JRKS0_EEEvRS1_PT_DpOT0_
FN:511,_ZNSt16allocator_traitsISaISt13_Rb_tree_nodeImEEE9constructImJRKmEEEvRS2_PT_DpOT0_
FNDA:725,_ZNSt16allocator_traitsISaISt13_Rb_tree_nodeImEEE9constructImJRKmEEEvRS2_PT_DpOT0_
FN:511,_ZNSt16allocator_traitsISaISt13_Rb_tree_nodeImEEE9constructImJmEEEvRS2_PT_DpOT0_
FNDA:173,_ZNSt16allocator_traitsISaISt13_Rb_tree_nodeImEEE9constructImJmEEEvRS2_PT_DpOT0_
FN:511,_ZNSt16allocator_traitsISaISt13_Rb_tree_nodeIcEEE9constructIcJRKcEEEvRS2_PT_DpOT0_
FNDA:390,_ZNSt16allocator_traitsISaISt13_Rb_tree_nodeIcEEE9constructIcJRKcEEEvRS2_PT_DpOT0_
FN:511,_ZNSt16allocator_traitsISaI5StateEE9constructIS0_JS0_EEEvRS1_PT_DpOT0_
FNDA:152,_ZNSt16allocator_traitsISaI5StateEE9constructIS0_JS0_EEEvRS1_PT_DpOT0_
FN:511,_ZNSt16allocator_traitsISaImEE9constructImJRKmEEEvRS0_PT_DpOT0_
FNDA:70,_ZNSt16allocator_traitsISaImEE9constructImJRKmEEEvRS0_PT_DpOT0_
FN:511,_ZNSt16allocator_traitsISaISt6vectorImSaImEEEE9constructIS2_JS2_EEEvRS3_PT_DpOT0_
FNDA:0,_ZNSt16allocator_traitsISaISt6vectorImSaImEEEE9constructIS2_JS2_EEEvRS3_PT_DpOT0_
FN:511,_ZNSt16allocator_traitsISaISt13_Rb_tree_nodeISt4pairIKcSt3setImSt4lessImESaImEEEEEE9constructIS8_JRKS8_EEEvRSA_PT_DpOT0_
FNDA:481,_ZNSt16allocator_traitsISaISt13_Rb_tree_nodeISt4pairIKcSt3setImSt4lessImESaImEEEEEE9constructIS8_JRKS8_EEEvRSA_PT_DpOT0_
FN:531,_ZNSt16allocator_traitsISaI3NKAEE7destroyIS0_EEvRS1_PT_
FNDA:28,_ZNSt16allocator_traitsISaI3NKAEE7destroyIS0_EEvRS1_PT_
FN:531,_ZNSt16allocator_traitsISaImEE7destroyImEEvRS0_PT_
FNDA:39,_ZNSt16allocator_traitsISaImEE7destroyImEEvRS0_PT_
FN:531,_ZNSt16allocator_traitsISaISt6vectorImSaImEEEE7destroyIS2_EEvRS3_PT_
FNDA:0,_ZNSt16allocator_traitsISaISt6vectorImSaImEEEE7destroyIS2_EEvRS3_PT_
FN:531,_ZNSt16allocator_traitsISaISt13_Rb_tree_nodeISt4pairIKcSt3setImSt4lessImESaImEEEEEE7destroyIS8_EEvRSA_PT_
FNDA:980,_ZNSt16allocator_traitsISaISt13_Rb_tree_nodeISt4pairIKcSt3setImSt4lessImESaImEEEEEE7destroyIS8_EEvRSA_PT_
FN:531,_ZNSt16allocator_traitsISaI5StateEE7destroyIS0_EEvRS1_PT_
FNDA:152,_ZNSt16allocator_traitsISaI5StateEE7destroyIS0_EEvRS1_PT_
FN:531,_ZNSt16allocator_traitsISaISt13_Rb_tree_nodeIcEEE7destroyIcEEvRS2_PT_
FNDA:390,_ZNSt16allocator_traitsISaISt13_Rb_tree_nodeIcEEE7destroyIcEEvRS2_PT_
FN:531,_ZNSt16allocator_traitsISaISt13_Rb_tree_nodeImEEE7destroyImEEvRS2_PT_
FNDA:898,_ZNSt16allocator_traitsISaISt13_Rb_tree_nodeImEEE7destroyImEEvRS2_PT_
FN:547,_ZNSt16allocator_traitsISaImEE8max_sizeERKS0_
FNDA:58,_ZNSt16allocator_traitsISaImEE8max_sizeERKS0_
FN:547,_ZNSt16allocator_traitsISaI3NKAEE8max_sizeERKS1_
FNDA:6,_ZNSt16allocator_traitsISaI3NKAEE8max_sizeERKS1_
FN:547,_ZNSt16allocator_traitsISaISt6vectorImSaImEEEE8max_sizeERKS3_
FNDA:42,_ZNSt16allocator_traitsISaISt6vectorImSaImEEEE8max_sizeERKS3_
FN:547,_ZNSt16allocator_traitsISaIiEE8max_sizeERKS0_
FNDA:29,_ZNSt16allocator_traitsISaIiEE8max_sizeERKS0_
FN:547,_ZNSt16allocator_traitsISaI5StateEE8max_sizeERKS1_
FNDA:213,_ZNSt16allocator_traitsISaI5StateEE8max_sizeERKS1_
FN:547,_ZNSt16allocator_traitsISaIcEE8max_sizeERKS0_
FNDA:16,_ZNSt16allocator_traitsISaIcEE8max_sizeERKS0_
FN:562,_ZNSt16allocator_traitsISaISt13_Rb_tree_nodeImEEE37select_on_container_copy_constructionERKS2_
FNDA:592,_ZNSt16allocator_traitsISaISt13_Rb_tree_nodeImEEE37select_on_container_copy_constructionERKS2_
FN:562,_ZNSt16allocator_traitsISaI5StateEE37select_on_container_copy_constructionERKS1_
FNDA:75,_ZNSt16allocator_traitsISaI5StateEE37select_on_container_copy_constructionERKS1_
FN:562,_ZNSt16allocator_traitsISaISt13_Rb_tree_nodeISt4pairIKcSt3setImSt4lessImESaImEEEEEE37select_on_container_copy_constructionERKSA_
FNDA:452,_ZNSt16allocator_traitsISaISt13_Rb_tree_nodeISt4pairIKcSt3setImSt4lessImESaImEEEEEE37select_on_container_copy_constructionERKSA_
FN:562,_ZNSt16allocator_traitsISaISt13_Rb_tree_nodeIcEEE37select_on_container_copy_constructionERKS2_
FNDA:75,_ZNSt16allocator_traitsISaISt13_Rb_tree_nodeIcEEE37select_on_container_copy_constructionERKS2_
FN:710,_ZSt15__alloc_on_moveISaI3NKAEEvRT_S3_
FNDA:18,_ZSt15__alloc_on_moveISaI3NKAEEvRT_S3_
FN:710,_ZSt15__alloc_on_moveISaISt13_Rb_tree_nodeISt4pairIKcSt3setImSt4lessImESaImEEEEEEvRT_SC_
FNDA:40,_ZSt15__alloc_on_moveISaISt13_Rb_tree_nodeISt4pairIKcSt3setImSt4lessImESaImEEEEEEvRT_SC_
FN:845,_ZSt8_DestroyIP5StateS0_EvT_S2_RSaIT0_E
FNDA:130,_ZSt8_DestroyIP5StateS0_EvT_S2_RSaIT0_E
FN:845,_ZSt8_DestroyIPiiEvT_S1_RSaIT0_E
FNDA:29,_ZSt8_DestroyIPiiEvT_S1_RSaIT0_E
FN:845,_ZSt8_DestroyIPccEvT_S1_RSaIT0_E
FNDA:16,_ZSt8_DestroyIPccEvT_S1_RSaIT0_E
FN:845,_ZSt8_DestroyIPSt6vectorImSaImEES2_EvT_S4_RSaIT0_E
FNDA:16,_ZSt8_DestroyIPSt6vectorImSaImEES2_EvT_S4_RSaIT0_E
FN:845,_ZSt8_DestroyIPmmEvT_S1_RSaIT0_E
FNDA:126,_ZSt8_DestroyIPmmEvT_S1_RSaIT0_E
FN:845,_ZSt8_DestroyIP3NKAS0_EvT_S2_RSaIT0_E
FNDA:41,_ZSt8_DestroyIP3NKAS0_EvT_S2_RSaIT0_E
DA:463,390
DA:464,390
DA:463,898
DA:464,898
DA:463,29
DA:464,29
DA:463,29
DA:464,29
DA:463,29
DA:464,29
DA:463,23
DA:464,23
DA:463,980
DA:464,980
DA:463,5
DA:464,5
DA:463,66
DA:464,66
DA:463,167
DA:464,167
DA:463,16
DA:464,16
DA:495,29
DA:496,29
DA:495,898
DA:496,898
DA:495,390
DA:496,390
DA:495,980
DA:496,980
DA:495,29
DA:496,29
DA:495,29
DA:496,29
DA:495,23
DA:496,23
DA:495,66
DA:496,66
DA:495,16
DA:496,16
DA:495,5
DA:496,5
DA:495,167
DA:496,167
DA:511,481
DA:516,481
DA:520,481
DA:511,0
DA:516,0
DA:520,0
DA:511,152
DA:516,152
DA:520,152
DA:511,390
DA:516,390
DA:520,390
DA:511,173
DA:516,173
DA:520,173
DA:511,725
DA:516,725
DA:520,725
DA:511,92
DA:516,92
DA:520,92
DA:511,407
DA:516,407
DA:520,407
DA:511,47
DA:516,47
DA:520,47
DA:511,70
DA:516,70
DA:520,70
DA:531,0
DA:535,0
DA:539,0
DA:531,152
DA:535,152
DA:539,152
DA:531,898
DA:535,898
DA:539,898
DA:531,390
DA:535,390
DA:539,390
DA:531,980
DA:535,980
DA:539,980
DA:531,39
DA:535,39
DA:539,39
DA:531,28
DA:535,28
DA:539,28
DA:547,58
DA:550,58
DA:547,6
DA:550,6
DA:547,42
DA:550,42
DA:547,16
DA:550,16
DA:547,29
DA:550,29
DA:547,213
DA:550,213
DA:562,75
DA:563,75
DA:562,592
DA:563,592
DA:562,452
DA:563,452
DA:562,75
DA:563,75
DA:710,18
DA:716,18
DA:720,18
DA:710,40
DA:716,40
DA:720,40
DA:845,41
DA:848,41
DA:849,41
DA:845,126
DA:848,126
DA:849,126
DA:845,16
DA:848,16
DA:849,16
DA:845,16
DA:848,16
DA:849,16
DA:845,29
DA:848,29
DA:849,29
DA:845,130
DA:848,130
DA:849,130
end_of_record
